# Logfile created on Thu Jul 09 15:21:03 -0400 2009

Processing UploadController#main (for 165.123.243.49 at 2009-07-09 15:21:04) [GET]
  Session ID: BAh7CzoaY2FzX2xhc3RfdmFsaWRfdGlja2V0bzodQ0FTQ2xpZW50OjpTZXJ2%0AaWNlVGlja2V0CToNQHNlcnZpY2UiKmh0dHA6Ly9iaW9pbmYuaXRtYXQudXBl%0Abm4uZWR1L3NjcmVlbi86DEB0aWNrZXQiH1NULTIzLXQxbnRtUWMzTDBiNVo2%0ARk9LRkQzOg5AcmVzcG9uc2VvOiJDQVNDbGllbnQ6OlZhbGlkYXRpb25SZXNw%0Ab25zZQo6FEBwYXJzZV9kYXRldGltZXU6CVRpbWUNE1kbgDgWFQM6CUB4bWxv%0AOhNSRVhNTDo6RWxlbWVudA86EEBhdHRyaWJ1dGVzSUM6FlJFWE1MOjpBdHRy%0AaWJ1dGVzewAGOg1AZWxlbWVudEALOh1AaWdub3JlX3doaXRlc3BhY2Vfbm9k%0AZXNGOg5AY2hpbGRyZW5bCG86EFJFWE1MOjpUZXh0CzoMQHN0cmluZyIICgkJ%0AOhBAbm9ybWFsaXplZDA6E0BlbnRpdHlfZmlsdGVyMDoJQHJhd1Q6DEBwYXJl%0AbnRACzoSQHVubm9ybWFsaXplZDBvOw4POw9JQzsQewAGOxFAEDsSRjsTWwZv%0AOxQLOxUiCXdld3U7FjA7FzA7GFQ7GUAQOxoiCXdld3U6EEB3aGl0ZXNwYWNl%0AVDoNQGNvbnRleHR7ADoTQGV4cGFuZGVkX25hbWUiDWNhczp1c2VyOgxAcHJl%0AZml4IghjYXM6CkBuYW1lIgl1c2VyOxlACzoOQGVsZW1lbnRzbzoUUkVYTUw6%0AOkVsZW1lbnRzBjsRQBBvOxQLOxUiCQoKCgk7FjA7FzA7GFQ7GUALOxowOxtU%0AOxxAFjsdIh5jYXM6YXV0aGVudGljYXRpb25TdWNjZXNzOx4iCGNhczsfIhph%0AdXRoZW50aWNhdGlvblN1Y2Nlc3M7GW87Dg87D0lDOxB7BiIIY2FzbzoVUkVY%0ATUw6OkF0dHJpYnV0ZQs7FjA7HSIOeG1sbnM6Y2FzOx4iCnhtbG5zOx8iCGNh%0AczsaIh9odHRwOi8vd3d3LnlhbGUuZWR1L3RwL2NhczsRQCAGOxFAIDsSRjsT%0AWwhvOxQLOxUiBwoJOxYwOxcwOxhUOxlAIDsaMEALbzsUCzsVIgYKOxYwOxcw%0AOxhUOxlAIDsaMDsbVDscQBY7HSIYY2FzOnNlcnZpY2VSZXNwb25zZTseIghj%0AYXM7HyIUc2VydmljZVJlc3BvbnNlOxlvOhRSRVhNTDo6RG9jdW1lbnQQOw9J%0AQzsQewAGOxFAMDsSRjsTWwdAIG87FAs7FSIGCjsWMDsXMDsYVDsZQDA7GjA6%0AD0BuYW1lc3BhY2UiADsbVDscQBY7HSIOVU5ERUZJTkVEOx4iADsfIg5VTkRF%0ARklORUQ7GTA7IG87IQY7EUAwOyBvOyEGOxFAIDsgbzshBjsRQAs6DkBwcm90%0Ab2NvbGYGMjoKQHVzZXIiCXdld3U6FkBleHRyYV9hdHRyaWJ1dGVzewA6C0By%0AZW5ldzA6GWNhc19leHRyYV9hdHRyaWJ1dGVzQD46EmNhc2ZpbHRlcnVzZXJA%0APToYY2FzX3NlbnRfdG9fZ2F0ZXdheUYiCmZsYXNoSUM6J0FjdGlvbkNvbnRy%0Ab2xsZXI6OkZsYXNoOjpGbGFzaEhhc2h7AAY6CkB1c2VkewA6DWNhc191c2Vy%0AQD0%3D--72645a151b28efd06ab01b17827b548a2512e71e
  Parameters: {"action"=>"main", "controller"=>"upload"}
Ticket "ST-23-t1ntmQc3L0b5Z6FOKFD3" for service "http://bioinf.itmat.upenn.edu/screen/" belonging to user "wewu" is VALID.
Rendering template within layouts/application
Rendering upload/main
Completed in 0.07241 (13 reqs/sec) | Rendering: 0.05677 (78%) | DB: 0.00000 (0%) | 200 OK [http://bioinf.itmat.upenn.edu/screen]


Processing AssayController#goto_select_page (for 165.123.243.49 at 2009-07-09 15:21:06) [GET]
  Session ID: BAh7CzoaY2FzX2xhc3RfdmFsaWRfdGlja2V0bzodQ0FTQ2xpZW50OjpTZXJ2%0AaWNlVGlja2V0CToNQHNlcnZpY2UiKmh0dHA6Ly9iaW9pbmYuaXRtYXQudXBl%0Abm4uZWR1L3NjcmVlbi86DkByZXNwb25zZW86IkNBU0NsaWVudDo6VmFsaWRh%0AdGlvblJlc3BvbnNlCjoUQHBhcnNlX2RhdGV0aW1ldToJVGltZQ0TWRuAOBYV%0AAzoJQHhtbG86E1JFWE1MOjpFbGVtZW50DzodQGlnbm9yZV93aGl0ZXNwYWNl%0AX25vZGVzRjoQQGF0dHJpYnV0ZXNJQzoWUkVYTUw6OkF0dHJpYnV0ZXN7AAY6%0ADUBlbGVtZW50QAo6EEB3aGl0ZXNwYWNlVDoOQGNoaWxkcmVuWwhvOhBSRVhN%0ATDo6VGV4dAs6DEBzdHJpbmciCAoJCToQQG5vcm1hbGl6ZWQwOhNAZW50aXR5%0AX2ZpbHRlcjA6CUByYXdUOgxAcGFyZW50QAo6EkB1bm5vcm1hbGl6ZWQwbzsN%0ADzsORjsPSUM7EHsABjsRQA87ElQ7E1sGbzsUCzsVIgl3ZXd1OxYwOxcwOxhU%0AOxlADzsaIgl3ZXd1OgxAcHJlZml4IghjYXM6E0BleHBhbmRlZF9uYW1lIg1j%0AYXM6dXNlcjoNQGNvbnRleHR7ADoKQG5hbWUiCXVzZXI6DkBlbGVtZW50c286%0AFFJFWE1MOjpFbGVtZW50cwY7EUAPOxlACm87FAs7FSIJCgoKCTsWMDsXMDsY%0AVDsZQAo7GjA7GyIIY2FzOxwiHmNhczphdXRoZW50aWNhdGlvblN1Y2Nlc3M7%0AHUAXOx4iGmF1dGhlbnRpY2F0aW9uU3VjY2VzczsfbzsgBjsRQAo7GW87DQ87%0ADkY7D0lDOxB7BiIIY2FzbzoVUkVYTUw6OkF0dHJpYnV0ZQs7FjA7GyIKeG1s%0AbnM7HCIOeG1sbnM6Y2FzOx4iCGNhczsaIh9odHRwOi8vd3d3LnlhbGUuZWR1%0AL3RwL2NhczsRQCAGOxFAIDsSVDsTWwhvOxQLOxUiBwoJOxYwOxcwOxhUOxlA%0AIDsaMEAKbzsUCzsVIgYKOxYwOxcwOxhUOxlAIDsaMDsbIghjYXM7HCIYY2Fz%0AOnNlcnZpY2VSZXNwb25zZTsdQBc7HiIUc2VydmljZVJlc3BvbnNlOx9vOyAG%0AOxFAIDsZbzoUUkVYTUw6OkRvY3VtZW50EDsORjsPSUM7EHsABjsRQDE7ElQ6%0AD0BuYW1lc3BhY2UiADsTWwdAIG87FAs7FSIGCjsWMDsXMDsYVDsZQDE7GjA7%0AGyIAOxwiDlVOREVGSU5FRDsdQBc7HiIOVU5ERUZJTkVEOx9vOyAGOxFAMTsZ%0AMDoOQHByb3RvY29sZgYyOgpAdXNlciIJd2V3dToWQGV4dHJhX2F0dHJpYnV0%0AZXN7ADoMQHRpY2tldCIfU1QtMjMtdDFudG1RYzNMMGI1WjZGT0tGRDM6C0By%0AZW5ldzA6GWNhc19leHRyYV9hdHRyaWJ1dGVzQD06EmNhc2ZpbHRlcnVzZXJA%0APDoYY2FzX3NlbnRfdG9fZ2F0ZXdheUYiCmZsYXNoSUM6J0FjdGlvbkNvbnRy%0Ab2xsZXI6OkZsYXNoOjpGbGFzaEhhc2h7AAY6CkB1c2VkewA6DWNhc191c2Vy%0AQDw%3D--95f27ef896f329c814447c21e4fa0d808828a842
  Parameters: {"title"=>"B score", "action"=>"goto_select_page", "controller"=>"assay", "func"=>"Bscore"}
Ticket "ST-23-t1ntmQc3L0b5Z6FOKFD3" for service "http://bioinf.itmat.upenn.edu/screen/" belonging to user "wewu" is VALID.
Rendering template within layouts/application
Rendering assay/select
Completed in 0.06435 (15 reqs/sec) | Rendering: 0.04063 (63%) | DB: 0.00000 (0%) | 200 OK [http://bioinf.itmat.upenn.edu/screen/assay/goto_select_page?func=Bscore&title=B+score]


Processing AssayController#select_button_onclick (for 165.123.243.49 at 2009-07-09 15:21:08) [POST]
  Session ID: BAh7CzoaY2FzX2xhc3RfdmFsaWRfdGlja2V0bzodQ0FTQ2xpZW50OjpTZXJ2%0AaWNlVGlja2V0CToNQHNlcnZpY2UiKmh0dHA6Ly9iaW9pbmYuaXRtYXQudXBl%0Abm4uZWR1L3NjcmVlbi86DEB0aWNrZXQiH1NULTIzLXQxbnRtUWMzTDBiNVo2%0ARk9LRkQzOg5AcmVzcG9uc2VvOiJDQVNDbGllbnQ6OlZhbGlkYXRpb25SZXNw%0Ab25zZQo6FEBwYXJzZV9kYXRldGltZXU6CVRpbWUNE1kbgDgWFQM6CUB4bWxv%0AOhNSRVhNTDo6RWxlbWVudA86EEBhdHRyaWJ1dGVzSUM6FlJFWE1MOjpBdHRy%0AaWJ1dGVzewAGOg1AZWxlbWVudEALOh1AaWdub3JlX3doaXRlc3BhY2Vfbm9k%0AZXNGOg5AY2hpbGRyZW5bCG86EFJFWE1MOjpUZXh0CzoMQHN0cmluZyIICgkJ%0AOhBAbm9ybWFsaXplZDA6E0BlbnRpdHlfZmlsdGVyMDoJQHJhd1Q6DEBwYXJl%0AbnRACzoSQHVubm9ybWFsaXplZDBvOw4POw9JQzsQewAGOxFAEDsSRjsTWwZv%0AOxQLOxUiCXdld3U7FjA7FzA7GFQ7GUAQOxoiCXdld3U6EEB3aGl0ZXNwYWNl%0AVDoNQGNvbnRleHR7ADoTQGV4cGFuZGVkX25hbWUiDWNhczp1c2VyOgxAcHJl%0AZml4IghjYXM6CkBuYW1lIgl1c2VyOxlACzoOQGVsZW1lbnRzbzoUUkVYTUw6%0AOkVsZW1lbnRzBjsRQBBvOxQLOxUiCQoKCgk7FjA7FzA7GFQ7GUALOxowOxtU%0AOxxAFjsdIh5jYXM6YXV0aGVudGljYXRpb25TdWNjZXNzOx4iCGNhczsfIhph%0AdXRoZW50aWNhdGlvblN1Y2Nlc3M7GW87Dg87D0lDOxB7BiIIY2FzbzoVUkVY%0ATUw6OkF0dHJpYnV0ZQs7FjA7HSIOeG1sbnM6Y2FzOx4iCnhtbG5zOx8iCGNh%0AczsaIh9odHRwOi8vd3d3LnlhbGUuZWR1L3RwL2NhczsRQCAGOxFAIDsSRjsT%0AWwhvOxQLOxUiBwoJOxYwOxcwOxhUOxlAIDsaMEALbzsUCzsVIgYKOxYwOxcw%0AOxhUOxlAIDsaMDsbVDscQBY7HSIYY2FzOnNlcnZpY2VSZXNwb25zZTseIghj%0AYXM7HyIUc2VydmljZVJlc3BvbnNlOxlvOhRSRVhNTDo6RG9jdW1lbnQQOw9J%0AQzsQewAGOxFAMDsSRjsTWwdAIG87FAs7FSIGCjsWMDsXMDsYVDsZQDA7GjA6%0AD0BuYW1lc3BhY2UiADsbVDscQBY7HSIOVU5ERUZJTkVEOx4iADsfIg5VTkRF%0ARklORUQ7GTA7IG87IQY7EUAwOyBvOyEGOxFAIDsgbzshBjsRQAs6DkBwcm90%0Ab2NvbGYGMjoKQHVzZXIiCXdld3U6FkBleHRyYV9hdHRyaWJ1dGVzewA6C0By%0AZW5ldzA6GWNhc19leHRyYV9hdHRyaWJ1dGVzQD46EmNhc2ZpbHRlcnVzZXJA%0APToYY2FzX3NlbnRfdG9fZ2F0ZXdheUYiCmZsYXNoSUM6J0FjdGlvbkNvbnRy%0Ab2xsZXI6OkZsYXNoOjpGbGFzaEhhc2h7AAY6CkB1c2VkewA6DWNhc191c2Vy%0AQD0%3D--72645a151b28efd06ab01b17827b548a2512e71e
  Parameters: {"list_desc"=>"*", "list_pwname"=>"*", "title"=>"B score", "share"=>"1", "list_aname"=>"Qihong_siRNA_uploadtake2 (jbaggs)", "action"=>"select_button_onclick", "controller"=>"assay", "list_dname"=>"*", "list_date"=>"*", "func"=>"Bscore"}
Ticket "ST-23-t1ntmQc3L0b5Z6FOKFD3" for service "http://bioinf.itmat.upenn.edu/screen/" belonging to user "wewu" is VALID.
Rendering template within layouts/application
Rendering assay/assay_list
Completed in 0.55221 (1 reqs/sec) | Rendering: 0.53157 (96%) | DB: 0.00000 (0%) | 200 OK [http://bioinf.itmat.upenn.edu/screen/assay/select_button_onclick?func=Bscore&share=1&title=B+score]


Processing AssayController#show_button_onclick (for 165.123.243.49 at 2009-07-09 15:21:14) [POST]
  Session ID: BAh7CzoaY2FzX2xhc3RfdmFsaWRfdGlja2V0bzodQ0FTQ2xpZW50OjpTZXJ2%0AaWNlVGlja2V0CToNQHNlcnZpY2UiKmh0dHA6Ly9iaW9pbmYuaXRtYXQudXBl%0Abm4uZWR1L3NjcmVlbi86DkByZXNwb25zZW86IkNBU0NsaWVudDo6VmFsaWRh%0AdGlvblJlc3BvbnNlCjoUQHBhcnNlX2RhdGV0aW1ldToJVGltZQ0TWRuAOBYV%0AAzoJQHhtbG86E1JFWE1MOjpFbGVtZW50DzodQGlnbm9yZV93aGl0ZXNwYWNl%0AX25vZGVzRjoQQGF0dHJpYnV0ZXNJQzoWUkVYTUw6OkF0dHJpYnV0ZXN7AAY6%0ADUBlbGVtZW50QAo6EEB3aGl0ZXNwYWNlVDoOQGNoaWxkcmVuWwhvOhBSRVhN%0ATDo6VGV4dAs6DEBzdHJpbmciCAoJCToQQG5vcm1hbGl6ZWQwOhNAZW50aXR5%0AX2ZpbHRlcjA6CUByYXdUOgxAcGFyZW50QAo6EkB1bm5vcm1hbGl6ZWQwbzsN%0ADzsORjsPSUM7EHsABjsRQA87ElQ7E1sGbzsUCzsVIgl3ZXd1OxYwOxcwOxhU%0AOxlADzsaIgl3ZXd1OgxAcHJlZml4IghjYXM6E0BleHBhbmRlZF9uYW1lIg1j%0AYXM6dXNlcjoNQGNvbnRleHR7ADoKQG5hbWUiCXVzZXI6DkBlbGVtZW50c286%0AFFJFWE1MOjpFbGVtZW50cwY7EUAPOxlACm87FAs7FSIJCgoKCTsWMDsXMDsY%0AVDsZQAo7GjA7GyIIY2FzOxwiHmNhczphdXRoZW50aWNhdGlvblN1Y2Nlc3M7%0AHUAXOx4iGmF1dGhlbnRpY2F0aW9uU3VjY2VzczsfbzsgBjsRQAo7GW87DQ87%0ADkY7D0lDOxB7BiIIY2FzbzoVUkVYTUw6OkF0dHJpYnV0ZQs7FjA7GyIKeG1s%0AbnM7HCIOeG1sbnM6Y2FzOx4iCGNhczsaIh9odHRwOi8vd3d3LnlhbGUuZWR1%0AL3RwL2NhczsRQCAGOxFAIDsSVDsTWwhvOxQLOxUiBwoJOxYwOxcwOxhUOxlA%0AIDsaMEAKbzsUCzsVIgYKOxYwOxcwOxhUOxlAIDsaMDsbIghjYXM7HCIYY2Fz%0AOnNlcnZpY2VSZXNwb25zZTsdQBc7HiIUc2VydmljZVJlc3BvbnNlOx9vOyAG%0AOxFAIDsZbzoUUkVYTUw6OkRvY3VtZW50EDsORjsPSUM7EHsABjsRQDE7ElQ6%0AD0BuYW1lc3BhY2UiADsTWwdAIG87FAs7FSIGCjsWMDsXMDsYVDsZQDE7GjA7%0AGyIAOxwiDlVOREVGSU5FRDsdQBc7HiIOVU5ERUZJTkVEOx9vOyAGOxFAMTsZ%0AMDoOQHByb3RvY29sZgYyOgpAdXNlciIJd2V3dToWQGV4dHJhX2F0dHJpYnV0%0AZXN7ADoMQHRpY2tldCIfU1QtMjMtdDFudG1RYzNMMGI1WjZGT0tGRDM6C0By%0AZW5ldzA6GWNhc19leHRyYV9hdHRyaWJ1dGVzQD06EmNhc2ZpbHRlcnVzZXJA%0APDoYY2FzX3NlbnRfdG9fZ2F0ZXdheUYiCmZsYXNoSUM6J0FjdGlvbkNvbnRy%0Ab2xsZXI6OkZsYXNoOjpGbGFzaEhhc2h7AAY6CkB1c2VkewA6DWNhc191c2Vy%0AQDw%3D--95f27ef896f329c814447c21e4fa0d808828a842
  Parameters: {"cbox_266"=>"1", "list_subgroup_245"=>"1", "list_subgroup_273"=>"1", "list_subgroup_246"=>"1", "cbox_238"=>"1", "list_subgroup_274"=>"1", "cbox_267"=>"1", "list_subgroup_247"=>"1", "cbox_239"=>"1", "list_subgroup_275"=>"1", "cbox_268"=>"1", "list_subgroup_276"=>"1", "cbox_269"=>"1", "list_subgroup_248"=>"1", "list_subgroup_277"=>"1", "list_subgroup_249"=>"1", "cbox_240"=>"1", "list_subgroup_278"=>"1", "cbox_241"=>"1", "list_subgroup_279"=>"1", "cbox_242"=>"1", "cbox_270"=>"1", "cbox_243"=>"1", "cbox_271"=>"1", "list_subgroup_250"=>"1", "cbox_244"=>"1", "tbox_cutoff"=>"0", "cbox_272"=>"1", "list_subgroup_251"=>"1", "cbox_245"=>"1", "list_subgroup_280"=>"1", "cbox_273"=>"1", "list_subgroup_252"=>"1", "list_subgroup_281"=>"1", "cbox_274"=>"1", "list_subgroup_253"=>"1", "cbox_246"=>"1", "aidstr_list"=>"235_234_233_236_237_238_239_240_241_242_243_244_245_246_247_248_249_250_251_252_253_254_255_256_257_258_259_260_261_262_263_264_265_266_267_268_269_270_271_272_273_274_275_276_277_278_279_280_281_282_283_284_285_286", "list_subgroup_282"=>"1", "cbox_275"=>"1", "list_subgroup_254"=>"1", "cbox_247"=>"1", "list_subgroup_283"=>"1", "cbox_276"=>"1", "list_subgroup_255"=>"1", "cbox_248"=>"1", "list_subgroup_284"=>"1", "controller"=>"assay", "cbox_277"=>"1", "list_subgroup_256"=>"1", "action"=>"show_button_onclick", "list_subgroup_285"=>"1", "cbox_278"=>"1", "list_subgroup_257"=>"1", "cbox_249"=>"1", "list_subgroup_286"=>"1", "cbox_279"=>"1", "list_subgroup_258"=>"1", "list_subgroup_259"=>"1", "cbox_250"=>"1", "cbox_251"=>"1", "cbox_280"=>"1", "cbox_252"=>"1", "cbox_281"=>"1", "list_subgroup_260"=>"1", "cbox_253"=>"1", "cbox_282"=>"1", "list_subgroup_261"=>"1", "cbox_254"=>"1", "list_subgroup_233"=>"1", "func"=>"Bscore", "cbox_283"=>"1", "list_subgroup_262"=>"1", "cbox_255"=>"1", "list_subgroup_234"=>"1", "cbox_284"=>"1", "list_subgroup_263"=>"1", "cbox_256"=>"1", "list_subgroup_235"=>"1", "cbox_285"=>"1", "list_subgroup_264"=>"1", "cbox_257"=>"1", "list_subgroup_236"=>"1", "cbox_286"=>"1", "list_subgroup_265"=>"1", "cbox_258"=>"1", "list_subgroup_237"=>"1", "list_subgroup_266"=>"1", "cbox_259"=>"1", "list_subgroup_238"=>"1", "list_subgroup_267"=>"1", "list_subgroup_239"=>"1", "list_subgroup_268"=>"1", "temp"=>"temp", "list_subgroup_269"=>"1", "cbox_260"=>"1", "cbox_261"=>"1", "list_subgroup_240"=>"1", "cbox_233"=>"1", "cbox_262"=>"1", "list_subgroup_241"=>"1", "cbox_234"=>"1", "cbox_263"=>"1", "list_subgroup_242"=>"1", "cbox_235"=>"1", "list_subgroup_270"=>"1", "cbox_264"=>"1", "list_subgroup_243"=>"1", "cbox_236"=>"1", "title"=>"B score", "list_subgroup_271"=>"1", "list_subgroup_272"=>"1", "cbox_265"=>"1", "list_subgroup_244"=>"1", "cbox_237"=>"1"}
Ticket "ST-23-t1ntmQc3L0b5Z6FOKFD3" for service "http://bioinf.itmat.upenn.edu/screen/" belonging to user "wewu" is VALID.
Rendering template within layouts/application
Rendering assay/score_result
Completed in 92.95529 (0 reqs/sec) | Rendering: 0.05374 (0%) | DB: 0.00000 (0%) | 200 OK [http://bioinf.itmat.upenn.edu/screen/assay/show_button_onclick?aidstr_list=235_234_233_236_237_238_239_240_241_242_243_244_245_246_247_248_249_250_251_252_253_254_255_256_257_258_259_260_261_262_263_264_265_266_267_268_269_270_271_272_273_274_275_276_277_278_279_280_281_282_283_284_285_286&func=Bscore&title=B+score]


Processing ApplicationController#index (for 165.123.243.49 at 2009-07-09 15:22:47) [GET]
  Session ID: BAh7CzoaY2FzX2xhc3RfdmFsaWRfdGlja2V0bzodQ0FTQ2xpZW50OjpTZXJ2%0AaWNlVGlja2V0CToNQHNlcnZpY2UiKmh0dHA6Ly9iaW9pbmYuaXRtYXQudXBl%0Abm4uZWR1L3NjcmVlbi86DEB0aWNrZXQiH1NULTIzLXQxbnRtUWMzTDBiNVo2%0ARk9LRkQzOg5AcmVzcG9uc2VvOiJDQVNDbGllbnQ6OlZhbGlkYXRpb25SZXNw%0Ab25zZQo6FEBwYXJzZV9kYXRldGltZXU6CVRpbWUNE1kbgDgWFQM6CUB4bWxv%0AOhNSRVhNTDo6RWxlbWVudA86EEBhdHRyaWJ1dGVzSUM6FlJFWE1MOjpBdHRy%0AaWJ1dGVzewAGOg1AZWxlbWVudEALOh1AaWdub3JlX3doaXRlc3BhY2Vfbm9k%0AZXNGOg5AY2hpbGRyZW5bCG86EFJFWE1MOjpUZXh0CzoMQHN0cmluZyIICgkJ%0AOhBAbm9ybWFsaXplZDA6E0BlbnRpdHlfZmlsdGVyMDoJQHJhd1Q6DEBwYXJl%0AbnRACzoSQHVubm9ybWFsaXplZDBvOw4POw9JQzsQewAGOxFAEDsSRjsTWwZv%0AOxQLOxUiCXdld3U7FjA7FzA7GFQ7GUAQOxoiCXdld3U6EEB3aGl0ZXNwYWNl%0AVDoNQGNvbnRleHR7ADoTQGV4cGFuZGVkX25hbWUiDWNhczp1c2VyOgxAcHJl%0AZml4IghjYXM6CkBuYW1lIgl1c2VyOxlACzoOQGVsZW1lbnRzbzoUUkVYTUw6%0AOkVsZW1lbnRzBjsRQBBvOxQLOxUiCQoKCgk7FjA7FzA7GFQ7GUALOxowOxtU%0AOxxAFjsdIh5jYXM6YXV0aGVudGljYXRpb25TdWNjZXNzOx4iCGNhczsfIhph%0AdXRoZW50aWNhdGlvblN1Y2Nlc3M7GW87Dg87D0lDOxB7BiIIY2FzbzoVUkVY%0ATUw6OkF0dHJpYnV0ZQs7FjA7HSIOeG1sbnM6Y2FzOx4iCnhtbG5zOx8iCGNh%0AczsaIh9odHRwOi8vd3d3LnlhbGUuZWR1L3RwL2NhczsRQCAGOxFAIDsSRjsT%0AWwhvOxQLOxUiBwoJOxYwOxcwOxhUOxlAIDsaMEALbzsUCzsVIgYKOxYwOxcw%0AOxhUOxlAIDsaMDsbVDscQBY7HSIYY2FzOnNlcnZpY2VSZXNwb25zZTseIghj%0AYXM7HyIUc2VydmljZVJlc3BvbnNlOxlvOhRSRVhNTDo6RG9jdW1lbnQQOw9J%0AQzsQewAGOxFAMDsSRjsTWwdAIG87FAs7FSIGCjsWMDsXMDsYVDsZQDA7GjA6%0AD0BuYW1lc3BhY2UiADsbVDscQBY7HSIOVU5ERUZJTkVEOx4iADsfIg5VTkRF%0ARklORUQ7GTA7IG87IQY7EUAwOyBvOyEGOxFAIDsgbzshBjsRQAs6DkBwcm90%0Ab2NvbGYGMjoKQHVzZXIiCXdld3U6FkBleHRyYV9hdHRyaWJ1dGVzewA6C0By%0AZW5ldzA6GWNhc19leHRyYV9hdHRyaWJ1dGVzQD46EmNhc2ZpbHRlcnVzZXJA%0APToYY2FzX3NlbnRfdG9fZ2F0ZXdheUYiCmZsYXNoSUM6J0FjdGlvbkNvbnRy%0Ab2xsZXI6OkZsYXNoOjpGbGFzaEhhc2h7AAY6CkB1c2VkewA6DWNhc191c2Vy%0AQD0%3D--72645a151b28efd06ab01b17827b548a2512e71e
  Parameters: {}


ActionController::RoutingError (No route matches "/images/Bscore_hist_avg_235_234_233_236_237_238_239_240_241_242_243_24.jpg" with {:method=>:get}):
    /opt/ruby-enterprise-1.8.6-20090520/lib/ruby/gems/1.8/gems/actionpack-2.0.2/lib/action_controller/routing.rb:1441:in `recognize_path'
    /opt/ruby-enterprise-1.8.6-20090520/lib/ruby/gems/1.8/gems/actionpack-2.0.2/lib/action_controller/routing.rb:1424:in `recognize'
    /opt/ruby-enterprise-1.8.6-20090520/lib/ruby/gems/1.8/gems/actionpack-2.0.2/lib/action_controller/dispatcher.rb:170:in `handle_request'
    /opt/ruby-enterprise-1.8.6-20090520/lib/ruby/gems/1.8/gems/actionpack-2.0.2/lib/action_controller/dispatcher.rb:115:in `dispatch'
    /opt/ruby-enterprise-1.8.6-20090520/lib/ruby/gems/1.8/gems/actionpack-2.0.2/lib/action_controller/dispatcher.rb:126:in `dispatch_cgi'
    /opt/ruby-enterprise-1.8.6-20090520/lib/ruby/gems/1.8/gems/actionpack-2.0.2/lib/action_controller/dispatcher.rb:9:in `dispatch'
    /opt/ruby-enterprise-1.8.6-20090520/lib/ruby/gems/1.8/gems/passenger-2.2.2/lib/phusion_passenger/railz/request_handler.rb:45:in `process_request'
    /opt/ruby-enterprise-1.8.6-20090520/lib/ruby/gems/1.8/gems/passenger-2.2.2/lib/phusion_passenger/abstract_request_handler.rb:203:in `main_loop'
    /opt/ruby-enterprise-1.8.6-20090520/lib/ruby/gems/1.8/gems/passenger-2.2.2/lib/phusion_passenger/railz/application_spawner.rb:340:in `start_request_handler'
    /opt/ruby-enterprise-1.8.6-20090520/lib/ruby/gems/1.8/gems/passenger-2.2.2/lib/phusion_passenger/railz/application_spawner.rb:298:in `handle_spawn_application'
    /opt/ruby-enterprise-1.8.6-20090520/lib/ruby/gems/1.8/gems/passenger-2.2.2/lib/phusion_passenger/utils.rb:181:in `safe_fork'
    /opt/ruby-enterprise-1.8.6-20090520/lib/ruby/gems/1.8/gems/passenger-2.2.2/lib/phusion_passenger/railz/application_spawner.rb:296:in `handle_spawn_application'
    /opt/ruby-enterprise-1.8.6-20090520/lib/ruby/gems/1.8/gems/passenger-2.2.2/lib/phusion_passenger/abstract_server.rb:337:in `__send__'
    /opt/ruby-enterprise-1.8.6-20090520/lib/ruby/gems/1.8/gems/passenger-2.2.2/lib/phusion_passenger/abstract_server.rb:337:in `main_loop'
    /opt/ruby-enterprise-1.8.6-20090520/lib/ruby/gems/1.8/gems/passenger-2.2.2/lib/phusion_passenger/abstract_server.rb:187:in `start_synchronously'
    /opt/ruby-enterprise-1.8.6-20090520/lib/ruby/gems/1.8/gems/passenger-2.2.2/lib/phusion_passenger/abstract_server.rb:154:in `start'
    /opt/ruby-enterprise-1.8.6-20090520/lib/ruby/gems/1.8/gems/passenger-2.2.2/lib/phusion_passenger/railz/application_spawner.rb:192:in `start'
    /opt/ruby-enterprise-1.8.6-20090520/lib/ruby/gems/1.8/gems/passenger-2.2.2/lib/phusion_passenger/spawn_manager.rb:257:in `spawn_rails_application'
    /opt/ruby-enterprise-1.8.6-20090520/lib/ruby/gems/1.8/gems/passenger-2.2.2/lib/phusion_passenger/abstract_server_collection.rb:126:in `lookup_or_add'
    /opt/ruby-enterprise-1.8.6-20090520/lib/ruby/gems/1.8/gems/passenger-2.2.2/lib/phusion_passenger/spawn_manager.rb:251:in `spawn_rails_application'
    /opt/ruby-enterprise-1.8.6-20090520/lib/ruby/gems/1.8/gems/passenger-2.2.2/lib/phusion_passenger/abstract_server_collection.rb:80:in `synchronize'
    /opt/ruby-enterprise-1.8.6-20090520/lib/ruby/gems/1.8/gems/passenger-2.2.2/lib/phusion_passenger/abstract_server_collection.rb:79:in `synchronize'
    /opt/ruby-enterprise-1.8.6-20090520/lib/ruby/gems/1.8/gems/passenger-2.2.2/lib/phusion_passenger/spawn_manager.rb:250:in `spawn_rails_application'
    /opt/ruby-enterprise-1.8.6-20090520/lib/ruby/gems/1.8/gems/passenger-2.2.2/lib/phusion_passenger/spawn_manager.rb:153:in `spawn_application'
    /opt/ruby-enterprise-1.8.6-20090520/lib/ruby/gems/1.8/gems/passenger-2.2.2/lib/phusion_passenger/spawn_manager.rb:282:in `handle_spawn_application'
    /opt/ruby-enterprise-1.8.6-20090520/lib/ruby/gems/1.8/gems/passenger-2.2.2/lib/phusion_passenger/abstract_server.rb:337:in `__send__'
    /opt/ruby-enterprise-1.8.6-20090520/lib/ruby/gems/1.8/gems/passenger-2.2.2/lib/phusion_passenger/abstract_server.rb:337:in `main_loop'
    /opt/ruby-enterprise-1.8.6-20090520/lib/ruby/gems/1.8/gems/passenger-2.2.2/lib/phusion_passenger/abstract_server.rb:187:in `start_synchronously'
    /opt/ruby-enterprise-1.8.6-20090520/lib/ruby/gems/1.8/gems/passenger-2.2.2/bin/passenger-spawn-server:61



Processing ApplicationController#index (for 165.123.243.49 at 2009-07-09 15:22:47) [GET]
  Session ID: BAh7CzoaY2FzX2xhc3RfdmFsaWRfdGlja2V0bzodQ0FTQ2xpZW50OjpTZXJ2%0AaWNlVGlja2V0CToNQHNlcnZpY2UiKmh0dHA6Ly9iaW9pbmYuaXRtYXQudXBl%0Abm4uZWR1L3NjcmVlbi86DEB0aWNrZXQiH1NULTIzLXQxbnRtUWMzTDBiNVo2%0ARk9LRkQzOg5AcmVzcG9uc2VvOiJDQVNDbGllbnQ6OlZhbGlkYXRpb25SZXNw%0Ab25zZQo6FEBwYXJzZV9kYXRldGltZXU6CVRpbWUNE1kbgDgWFQM6CUB4bWxv%0AOhNSRVhNTDo6RWxlbWVudA86EEBhdHRyaWJ1dGVzSUM6FlJFWE1MOjpBdHRy%0AaWJ1dGVzewAGOg1AZWxlbWVudEALOh1AaWdub3JlX3doaXRlc3BhY2Vfbm9k%0AZXNGOg5AY2hpbGRyZW5bCG86EFJFWE1MOjpUZXh0CzoMQHN0cmluZyIICgkJ%0AOhBAbm9ybWFsaXplZDA6E0BlbnRpdHlfZmlsdGVyMDoJQHJhd1Q6DEBwYXJl%0AbnRACzoSQHVubm9ybWFsaXplZDBvOw4POw9JQzsQewAGOxFAEDsSRjsTWwZv%0AOxQLOxUiCXdld3U7FjA7FzA7GFQ7GUAQOxoiCXdld3U6EEB3aGl0ZXNwYWNl%0AVDoNQGNvbnRleHR7ADoTQGV4cGFuZGVkX25hbWUiDWNhczp1c2VyOgxAcHJl%0AZml4IghjYXM6CkBuYW1lIgl1c2VyOxlACzoOQGVsZW1lbnRzbzoUUkVYTUw6%0AOkVsZW1lbnRzBjsRQBBvOxQLOxUiCQoKCgk7FjA7FzA7GFQ7GUALOxowOxtU%0AOxxAFjsdIh5jYXM6YXV0aGVudGljYXRpb25TdWNjZXNzOx4iCGNhczsfIhph%0AdXRoZW50aWNhdGlvblN1Y2Nlc3M7GW87Dg87D0lDOxB7BiIIY2FzbzoVUkVY%0ATUw6OkF0dHJpYnV0ZQs7FjA7HSIOeG1sbnM6Y2FzOx4iCnhtbG5zOx8iCGNh%0AczsaIh9odHRwOi8vd3d3LnlhbGUuZWR1L3RwL2NhczsRQCAGOxFAIDsSRjsT%0AWwhvOxQLOxUiBwoJOxYwOxcwOxhUOxlAIDsaMEALbzsUCzsVIgYKOxYwOxcw%0AOxhUOxlAIDsaMDsbVDscQBY7HSIYY2FzOnNlcnZpY2VSZXNwb25zZTseIghj%0AYXM7HyIUc2VydmljZVJlc3BvbnNlOxlvOhRSRVhNTDo6RG9jdW1lbnQQOw9J%0AQzsQewAGOxFAMDsSRjsTWwdAIG87FAs7FSIGCjsWMDsXMDsYVDsZQDA7GjA6%0AD0BuYW1lc3BhY2UiADsbVDscQBY7HSIOVU5ERUZJTkVEOx4iADsfIg5VTkRF%0ARklORUQ7GTA7IG87IQY7EUAwOyBvOyEGOxFAIDsgbzshBjsRQAs6DkBwcm90%0Ab2NvbGYGMjoKQHVzZXIiCXdld3U6FkBleHRyYV9hdHRyaWJ1dGVzewA6C0By%0AZW5ldzA6GWNhc19leHRyYV9hdHRyaWJ1dGVzQD46EmNhc2ZpbHRlcnVzZXJA%0APToYY2FzX3NlbnRfdG9fZ2F0ZXdheUYiCmZsYXNoSUM6J0FjdGlvbkNvbnRy%0Ab2xsZXI6OkZsYXNoOjpGbGFzaEhhc2h7AAY6CkB1c2VkewA6DWNhc191c2Vy%0AQD0%3D--72645a151b28efd06ab01b17827b548a2512e71e
  Parameters: {}


ActionController::RoutingError (No route matches "/images/Bscore_plot_avg_235_234_233_236_237_238_239_240_241_242_243_24.jpg" with {:method=>:get}):
    /opt/ruby-enterprise-1.8.6-20090520/lib/ruby/gems/1.8/gems/actionpack-2.0.2/lib/action_controller/routing.rb:1441:in `recognize_path'
    /opt/ruby-enterprise-1.8.6-20090520/lib/ruby/gems/1.8/gems/actionpack-2.0.2/lib/action_controller/routing.rb:1424:in `recognize'
    /opt/ruby-enterprise-1.8.6-20090520/lib/ruby/gems/1.8/gems/actionpack-2.0.2/lib/action_controller/dispatcher.rb:170:in `handle_request'
    /opt/ruby-enterprise-1.8.6-20090520/lib/ruby/gems/1.8/gems/actionpack-2.0.2/lib/action_controller/dispatcher.rb:115:in `dispatch'
    /opt/ruby-enterprise-1.8.6-20090520/lib/ruby/gems/1.8/gems/actionpack-2.0.2/lib/action_controller/dispatcher.rb:126:in `dispatch_cgi'
    /opt/ruby-enterprise-1.8.6-20090520/lib/ruby/gems/1.8/gems/actionpack-2.0.2/lib/action_controller/dispatcher.rb:9:in `dispatch'
    /opt/ruby-enterprise-1.8.6-20090520/lib/ruby/gems/1.8/gems/passenger-2.2.2/lib/phusion_passenger/railz/request_handler.rb:45:in `process_request'
    /opt/ruby-enterprise-1.8.6-20090520/lib/ruby/gems/1.8/gems/passenger-2.2.2/lib/phusion_passenger/abstract_request_handler.rb:203:in `main_loop'
    /opt/ruby-enterprise-1.8.6-20090520/lib/ruby/gems/1.8/gems/passenger-2.2.2/lib/phusion_passenger/railz/application_spawner.rb:340:in `start_request_handler'
    /opt/ruby-enterprise-1.8.6-20090520/lib/ruby/gems/1.8/gems/passenger-2.2.2/lib/phusion_passenger/railz/application_spawner.rb:298:in `handle_spawn_application'
    /opt/ruby-enterprise-1.8.6-20090520/lib/ruby/gems/1.8/gems/passenger-2.2.2/lib/phusion_passenger/utils.rb:181:in `safe_fork'
    /opt/ruby-enterprise-1.8.6-20090520/lib/ruby/gems/1.8/gems/passenger-2.2.2/lib/phusion_passenger/railz/application_spawner.rb:296:in `handle_spawn_application'
    /opt/ruby-enterprise-1.8.6-20090520/lib/ruby/gems/1.8/gems/passenger-2.2.2/lib/phusion_passenger/abstract_server.rb:337:in `__send__'
    /opt/ruby-enterprise-1.8.6-20090520/lib/ruby/gems/1.8/gems/passenger-2.2.2/lib/phusion_passenger/abstract_server.rb:337:in `main_loop'
    /opt/ruby-enterprise-1.8.6-20090520/lib/ruby/gems/1.8/gems/passenger-2.2.2/lib/phusion_passenger/abstract_server.rb:187:in `start_synchronously'
    /opt/ruby-enterprise-1.8.6-20090520/lib/ruby/gems/1.8/gems/passenger-2.2.2/lib/phusion_passenger/abstract_server.rb:154:in `start'
    /opt/ruby-enterprise-1.8.6-20090520/lib/ruby/gems/1.8/gems/passenger-2.2.2/lib/phusion_passenger/railz/application_spawner.rb:192:in `start'
    /opt/ruby-enterprise-1.8.6-20090520/lib/ruby/gems/1.8/gems/passenger-2.2.2/lib/phusion_passenger/spawn_manager.rb:257:in `spawn_rails_application'
    /opt/ruby-enterprise-1.8.6-20090520/lib/ruby/gems/1.8/gems/passenger-2.2.2/lib/phusion_passenger/abstract_server_collection.rb:126:in `lookup_or_add'
    /opt/ruby-enterprise-1.8.6-20090520/lib/ruby/gems/1.8/gems/passenger-2.2.2/lib/phusion_passenger/spawn_manager.rb:251:in `spawn_rails_application'
    /opt/ruby-enterprise-1.8.6-20090520/lib/ruby/gems/1.8/gems/passenger-2.2.2/lib/phusion_passenger/abstract_server_collection.rb:80:in `synchronize'
    /opt/ruby-enterprise-1.8.6-20090520/lib/ruby/gems/1.8/gems/passenger-2.2.2/lib/phusion_passenger/abstract_server_collection.rb:79:in `synchronize'
    /opt/ruby-enterprise-1.8.6-20090520/lib/ruby/gems/1.8/gems/passenger-2.2.2/lib/phusion_passenger/spawn_manager.rb:250:in `spawn_rails_application'
    /opt/ruby-enterprise-1.8.6-20090520/lib/ruby/gems/1.8/gems/passenger-2.2.2/lib/phusion_passenger/spawn_manager.rb:153:in `spawn_application'
    /opt/ruby-enterprise-1.8.6-20090520/lib/ruby/gems/1.8/gems/passenger-2.2.2/lib/phusion_passenger/spawn_manager.rb:282:in `handle_spawn_application'
    /opt/ruby-enterprise-1.8.6-20090520/lib/ruby/gems/1.8/gems/passenger-2.2.2/lib/phusion_passenger/abstract_server.rb:337:in `__send__'
    /opt/ruby-enterprise-1.8.6-20090520/lib/ruby/gems/1.8/gems/passenger-2.2.2/lib/phusion_passenger/abstract_server.rb:337:in `main_loop'
    /opt/ruby-enterprise-1.8.6-20090520/lib/ruby/gems/1.8/gems/passenger-2.2.2/lib/phusion_passenger/abstract_server.rb:187:in `start_synchronously'
    /opt/ruby-enterprise-1.8.6-20090520/lib/ruby/gems/1.8/gems/passenger-2.2.2/bin/passenger-spawn-server:61



Processing AssayController#goto_result_2_page (for 165.123.243.49 at 2009-07-09 15:30:02) [GET]
  Session ID: BAh7CzoaY2FzX2xhc3RfdmFsaWRfdGlja2V0bzodQ0FTQ2xpZW50OjpTZXJ2%0AaWNlVGlja2V0CToNQHNlcnZpY2UiKmh0dHA6Ly9iaW9pbmYuaXRtYXQudXBl%0Abm4uZWR1L3NjcmVlbi86DkByZXNwb25zZW86IkNBU0NsaWVudDo6VmFsaWRh%0AdGlvblJlc3BvbnNlCjoUQHBhcnNlX2RhdGV0aW1ldToJVGltZQ0TWRuAOBYV%0AAzoJQHhtbG86E1JFWE1MOjpFbGVtZW50DzodQGlnbm9yZV93aGl0ZXNwYWNl%0AX25vZGVzRjoQQGF0dHJpYnV0ZXNJQzoWUkVYTUw6OkF0dHJpYnV0ZXN7AAY6%0ADUBlbGVtZW50QAo6EEB3aGl0ZXNwYWNlVDoOQGNoaWxkcmVuWwhvOhBSRVhN%0ATDo6VGV4dAs6DEBzdHJpbmciCAoJCToQQG5vcm1hbGl6ZWQwOhNAZW50aXR5%0AX2ZpbHRlcjA6CUByYXdUOgxAcGFyZW50QAo6EkB1bm5vcm1hbGl6ZWQwbzsN%0ADzsORjsPSUM7EHsABjsRQA87ElQ7E1sGbzsUCzsVIgl3ZXd1OxYwOxcwOxhU%0AOxlADzsaIgl3ZXd1OgxAcHJlZml4IghjYXM6E0BleHBhbmRlZF9uYW1lIg1j%0AYXM6dXNlcjoNQGNvbnRleHR7ADoKQG5hbWUiCXVzZXI6DkBlbGVtZW50c286%0AFFJFWE1MOjpFbGVtZW50cwY7EUAPOxlACm87FAs7FSIJCgoKCTsWMDsXMDsY%0AVDsZQAo7GjA7GyIIY2FzOxwiHmNhczphdXRoZW50aWNhdGlvblN1Y2Nlc3M7%0AHUAXOx4iGmF1dGhlbnRpY2F0aW9uU3VjY2VzczsfbzsgBjsRQAo7GW87DQ87%0ADkY7D0lDOxB7BiIIY2FzbzoVUkVYTUw6OkF0dHJpYnV0ZQs7FjA7GyIKeG1s%0AbnM7HCIOeG1sbnM6Y2FzOx4iCGNhczsaIh9odHRwOi8vd3d3LnlhbGUuZWR1%0AL3RwL2NhczsRQCAGOxFAIDsSVDsTWwhvOxQLOxUiBwoJOxYwOxcwOxhUOxlA%0AIDsaMEAKbzsUCzsVIgYKOxYwOxcwOxhUOxlAIDsaMDsbIghjYXM7HCIYY2Fz%0AOnNlcnZpY2VSZXNwb25zZTsdQBc7HiIUc2VydmljZVJlc3BvbnNlOx9vOyAG%0AOxFAIDsZbzoUUkVYTUw6OkRvY3VtZW50EDsORjsPSUM7EHsABjsRQDE7ElQ6%0AD0BuYW1lc3BhY2UiADsTWwdAIG87FAs7FSIGCjsWMDsXMDsYVDsZQDE7GjA7%0AGyIAOxwiDlVOREVGSU5FRDsdQBc7HiIOVU5ERUZJTkVEOx9vOyAGOxFAMTsZ%0AMDoOQHByb3RvY29sZgYyOgpAdXNlciIJd2V3dToWQGV4dHJhX2F0dHJpYnV0%0AZXN7ADoMQHRpY2tldCIfU1QtMjMtdDFudG1RYzNMMGI1WjZGT0tGRDM6C0By%0AZW5ldzA6GWNhc19leHRyYV9hdHRyaWJ1dGVzQD06EmNhc2ZpbHRlcnVzZXJA%0APDoYY2FzX3NlbnRfdG9fZ2F0ZXdheUYiCmZsYXNoSUM6J0FjdGlvbkNvbnRy%0Ab2xsZXI6OkZsYXNoOjpGbGFzaEhhc2h7AAY6CkB1c2VkewA6DWNhc191c2Vy%0AQDw%3D--95f27ef896f329c814447c21e4fa0d808828a842
  Parameters: {"title"=>"B score", "idxstr"=>"55", "subfunc"=>"ann", "action"=>"goto_result_2_page", "aidstr_sel"=>"235_234_233_236_237_238_239_240_241_242_243_244_245_246_247_248_249_250_251_252_253_254_255_256_257_258_259_260_261_262_263_264_265_266_267_268_269_270_271_272_273_274_275_276_277_278_279_280_281_282_283_284_285_286", "subtitle"=>"Annotation", "cutoff"=>"0.0", "controller"=>"assay", "outfname"=>"/data/screen/wewu/r/Bscore.out", "func"=>"Bscore", "aidstr_list"=>"235_234_233_236_237_238_239_240_241_242_243_244_245_246_247_248_249_250_251_252_253_254_255_256_257_258_259_260_261_262_263_264_265_266_267_268_269_270_271_272_273_274_275_276_277_278_279_280_281_282_283_284_285_286"}
Ticket "ST-23-t1ntmQc3L0b5Z6FOKFD3" for service "http://bioinf.itmat.upenn.edu/screen/" belonging to user "wewu" is VALID.
Rendering template within layouts/application
Rendering assay/score_result_2
Completed in 28.98265 (0 reqs/sec) | Rendering: 28.97359 (99%) | DB: 0.00000 (0%) | 200 OK [http://bioinf.itmat.upenn.edu/screen/assay/goto_result_2_page?aidstr_list=235_234_233_236_237_238_239_240_241_242_243_244_245_246_247_248_249_250_251_252_253_254_255_256_257_258_259_260_261_262_263_264_265_266_267_268_269_270_271_272_273_274_275_276_277_278_279_280_281_282_283_284_285_286&aidstr_sel=235_234_233_236_237_238_239_240_241_242_243_244_245_246_247_248_249_250_251_252_253_254_255_256_257_258_259_260_261_262_263_264_265_266_267_268_269_270_271_272_273_274_275_276_277_278_279_280_281_282_283_284_285_286&cutoff=0.0&func=Bscore&idxstr=55&outfname=%2Fdata%2Fscreen%2Fwewu%2Fr%2FBscore.out&subfunc=ann&subtitle=Annotation&title=B+score]


Processing AssayController#send_annotation_file (for 165.123.243.49 at 2009-07-09 15:30:48) [GET]
  Session ID: BAh7CzoaY2FzX2xhc3RfdmFsaWRfdGlja2V0bzodQ0FTQ2xpZW50OjpTZXJ2%0AaWNlVGlja2V0CToNQHNlcnZpY2UiKmh0dHA6Ly9iaW9pbmYuaXRtYXQudXBl%0Abm4uZWR1L3NjcmVlbi86DEB0aWNrZXQiH1NULTIzLXQxbnRtUWMzTDBiNVo2%0ARk9LRkQzOg5AcmVzcG9uc2VvOiJDQVNDbGllbnQ6OlZhbGlkYXRpb25SZXNw%0Ab25zZQo6FEBwYXJzZV9kYXRldGltZXU6CVRpbWUNE1kbgDgWFQM6CUB4bWxv%0AOhNSRVhNTDo6RWxlbWVudA86EEBhdHRyaWJ1dGVzSUM6FlJFWE1MOjpBdHRy%0AaWJ1dGVzewAGOg1AZWxlbWVudEALOh1AaWdub3JlX3doaXRlc3BhY2Vfbm9k%0AZXNGOg5AY2hpbGRyZW5bCG86EFJFWE1MOjpUZXh0CzoMQHN0cmluZyIICgkJ%0AOhBAbm9ybWFsaXplZDA6E0BlbnRpdHlfZmlsdGVyMDoJQHJhd1Q6DEBwYXJl%0AbnRACzoSQHVubm9ybWFsaXplZDBvOw4POw9JQzsQewAGOxFAEDsSRjsTWwZv%0AOxQLOxUiCXdld3U7FjA7FzA7GFQ7GUAQOxoiCXdld3U6EEB3aGl0ZXNwYWNl%0AVDoNQGNvbnRleHR7ADoTQGV4cGFuZGVkX25hbWUiDWNhczp1c2VyOgxAcHJl%0AZml4IghjYXM6CkBuYW1lIgl1c2VyOxlACzoOQGVsZW1lbnRzbzoUUkVYTUw6%0AOkVsZW1lbnRzBjsRQBBvOxQLOxUiCQoKCgk7FjA7FzA7GFQ7GUALOxowOxtU%0AOxxAFjsdIh5jYXM6YXV0aGVudGljYXRpb25TdWNjZXNzOx4iCGNhczsfIhph%0AdXRoZW50aWNhdGlvblN1Y2Nlc3M7GW87Dg87D0lDOxB7BiIIY2FzbzoVUkVY%0ATUw6OkF0dHJpYnV0ZQs7FjA7HSIOeG1sbnM6Y2FzOx4iCnhtbG5zOx8iCGNh%0AczsaIh9odHRwOi8vd3d3LnlhbGUuZWR1L3RwL2NhczsRQCAGOxFAIDsSRjsT%0AWwhvOxQLOxUiBwoJOxYwOxcwOxhUOxlAIDsaMEALbzsUCzsVIgYKOxYwOxcw%0AOxhUOxlAIDsaMDsbVDscQBY7HSIYY2FzOnNlcnZpY2VSZXNwb25zZTseIghj%0AYXM7HyIUc2VydmljZVJlc3BvbnNlOxlvOhRSRVhNTDo6RG9jdW1lbnQQOw9J%0AQzsQewAGOxFAMDsSRjsTWwdAIG87FAs7FSIGCjsWMDsXMDsYVDsZQDA7GjA6%0AD0BuYW1lc3BhY2UiADsbVDscQBY7HSIOVU5ERUZJTkVEOx4iADsfIg5VTkRF%0ARklORUQ7GTA7IG87IQY7EUAwOyBvOyEGOxFAIDsgbzshBjsRQAs6DkBwcm90%0Ab2NvbGYGMjoKQHVzZXIiCXdld3U6FkBleHRyYV9hdHRyaWJ1dGVzewA6C0By%0AZW5ldzA6GWNhc19leHRyYV9hdHRyaWJ1dGVzQD46EmNhc2ZpbHRlcnVzZXJA%0APToYY2FzX3NlbnRfdG9fZ2F0ZXdheUYiCmZsYXNoSUM6J0FjdGlvbkNvbnRy%0Ab2xsZXI6OkZsYXNoOjpGbGFzaEhhc2h7AAY6CkB1c2VkewA6DWNhc191c2Vy%0AQD0%3D--72645a151b28efd06ab01b17827b548a2512e71e
  Parameters: {"action"=>"send_annotation_file", "fname"=>"/data/screen/wewu/r/annotation_avg_235_234_233_236_237_238_239_240_241_242_243_24.xls", "controller"=>"assay"}
Ticket "ST-23-t1ntmQc3L0b5Z6FOKFD3" for service "http://bioinf.itmat.upenn.edu/screen/" belonging to user "wewu" is VALID.
Completed in 0.00156 (639 reqs/sec) | Rendering: 0.00010 (6%) | DB: 0.00000 (0%) | 200 OK [http://bioinf.itmat.upenn.edu/screen/assay/send_annotation_file?fname=%2Fdata%2Fscreen%2Fwewu%2Fr%2Fannotation_avg_235_234_233_236_237_238_239_240_241_242_243_24.xls]
Streaming file /data/screen/wewu/r/annotation_avg_235_234_233_236_237_238_239_240_241_242_243_24.xls


Processing AssayController#goto_result_page (for 165.123.243.49 at 2009-07-09 15:37:53) [GET]
  Session ID: BAh7CzoaY2FzX2xhc3RfdmFsaWRfdGlja2V0bzodQ0FTQ2xpZW50OjpTZXJ2%0AaWNlVGlja2V0CToNQHNlcnZpY2UiKmh0dHA6Ly9iaW9pbmYuaXRtYXQudXBl%0Abm4uZWR1L3NjcmVlbi86DkByZXNwb25zZW86IkNBU0NsaWVudDo6VmFsaWRh%0AdGlvblJlc3BvbnNlCjoUQHBhcnNlX2RhdGV0aW1ldToJVGltZQ0TWRuAOBYV%0AAzoJQHhtbG86E1JFWE1MOjpFbGVtZW50DzodQGlnbm9yZV93aGl0ZXNwYWNl%0AX25vZGVzRjoQQGF0dHJpYnV0ZXNJQzoWUkVYTUw6OkF0dHJpYnV0ZXN7AAY6%0ADUBlbGVtZW50QAo6EEB3aGl0ZXNwYWNlVDoOQGNoaWxkcmVuWwhvOhBSRVhN%0ATDo6VGV4dAs6DEBzdHJpbmciCAoJCToQQG5vcm1hbGl6ZWQwOhNAZW50aXR5%0AX2ZpbHRlcjA6CUByYXdUOgxAcGFyZW50QAo6EkB1bm5vcm1hbGl6ZWQwbzsN%0ADzsORjsPSUM7EHsABjsRQA87ElQ7E1sGbzsUCzsVIgl3ZXd1OxYwOxcwOxhU%0AOxlADzsaIgl3ZXd1OgxAcHJlZml4IghjYXM6E0BleHBhbmRlZF9uYW1lIg1j%0AYXM6dXNlcjoNQGNvbnRleHR7ADoKQG5hbWUiCXVzZXI6DkBlbGVtZW50c286%0AFFJFWE1MOjpFbGVtZW50cwY7EUAPOxlACm87FAs7FSIJCgoKCTsWMDsXMDsY%0AVDsZQAo7GjA7GyIIY2FzOxwiHmNhczphdXRoZW50aWNhdGlvblN1Y2Nlc3M7%0AHUAXOx4iGmF1dGhlbnRpY2F0aW9uU3VjY2VzczsfbzsgBjsRQAo7GW87DQ87%0ADkY7D0lDOxB7BiIIY2FzbzoVUkVYTUw6OkF0dHJpYnV0ZQs7FjA7GyIKeG1s%0AbnM7HCIOeG1sbnM6Y2FzOx4iCGNhczsaIh9odHRwOi8vd3d3LnlhbGUuZWR1%0AL3RwL2NhczsRQCAGOxFAIDsSVDsTWwhvOxQLOxUiBwoJOxYwOxcwOxhUOxlA%0AIDsaMEAKbzsUCzsVIgYKOxYwOxcwOxhUOxlAIDsaMDsbIghjYXM7HCIYY2Fz%0AOnNlcnZpY2VSZXNwb25zZTsdQBc7HiIUc2VydmljZVJlc3BvbnNlOx9vOyAG%0AOxFAIDsZbzoUUkVYTUw6OkRvY3VtZW50EDsORjsPSUM7EHsABjsRQDE7ElQ6%0AD0BuYW1lc3BhY2UiADsTWwdAIG87FAs7FSIGCjsWMDsXMDsYVDsZQDE7GjA7%0AGyIAOxwiDlVOREVGSU5FRDsdQBc7HiIOVU5ERUZJTkVEOx9vOyAGOxFAMTsZ%0AMDoOQHByb3RvY29sZgYyOgpAdXNlciIJd2V3dToWQGV4dHJhX2F0dHJpYnV0%0AZXN7ADoMQHRpY2tldCIfU1QtMjMtdDFudG1RYzNMMGI1WjZGT0tGRDM6C0By%0AZW5ldzA6GWNhc19leHRyYV9hdHRyaWJ1dGVzQD06EmNhc2ZpbHRlcnVzZXJA%0APDoYY2FzX3NlbnRfdG9fZ2F0ZXdheUYiCmZsYXNoSUM6J0FjdGlvbkNvbnRy%0Ab2xsZXI6OkZsYXNoOjpGbGFzaEhhc2h7AAY6CkB1c2VkewA6DWNhc191c2Vy%0AQDw%3D--95f27ef896f329c814447c21e4fa0d808828a842
  Parameters: {"title"=>"B score", "action"=>"goto_result_page", "aidstr_sel"=>"235_234_233_236_237_238_239_240_241_242_243_244_245_246_247_248_249_250_251_252_253_254_255_256_257_258_259_260_261_262_263_264_265_266_267_268_269_270_271_272_273_274_275_276_277_278_279_280_281_282_283_284_285_286", "cutoff"=>"0.0", "controller"=>"assay", "outfname"=>"/data/screen/wewu/r/Bscore.out", "func"=>"Bscore", "aidstr_list"=>"235_234_233_236_237_238_239_240_241_242_243_244_245_246_247_248_249_250_251_252_253_254_255_256_257_258_259_260_261_262_263_264_265_266_267_268_269_270_271_272_273_274_275_276_277_278_279_280_281_282_283_284_285_286"}
Ticket "ST-23-t1ntmQc3L0b5Z6FOKFD3" for service "http://bioinf.itmat.upenn.edu/screen/" belonging to user "wewu" is VALID.
Rendering template within layouts/application
Rendering assay/score_result
Completed in 0.24264 (4 reqs/sec) | Rendering: 0.22505 (92%) | DB: 0.00000 (0%) | 200 OK [http://bioinf.itmat.upenn.edu/screen/assay/goto_result_page?aidstr_list=235_234_233_236_237_238_239_240_241_242_243_244_245_246_247_248_249_250_251_252_253_254_255_256_257_258_259_260_261_262_263_264_265_266_267_268_269_270_271_272_273_274_275_276_277_278_279_280_281_282_283_284_285_286&aidstr_sel=235_234_233_236_237_238_239_240_241_242_243_244_245_246_247_248_249_250_251_252_253_254_255_256_257_258_259_260_261_262_263_264_265_266_267_268_269_270_271_272_273_274_275_276_277_278_279_280_281_282_283_284_285_286&cutoff=0.0&func=Bscore&outfname=%2Fdata%2Fscreen%2Fwewu%2Fr%2FBscore.out&title=B+score]


Processing ApplicationController#index (for 165.123.243.49 at 2009-07-09 15:37:53) [GET]
  Session ID: BAh7CzoaY2FzX2xhc3RfdmFsaWRfdGlja2V0bzodQ0FTQ2xpZW50OjpTZXJ2%0AaWNlVGlja2V0CToNQHNlcnZpY2UiKmh0dHA6Ly9iaW9pbmYuaXRtYXQudXBl%0Abm4uZWR1L3NjcmVlbi86DEB0aWNrZXQiH1NULTIzLXQxbnRtUWMzTDBiNVo2%0ARk9LRkQzOg5AcmVzcG9uc2VvOiJDQVNDbGllbnQ6OlZhbGlkYXRpb25SZXNw%0Ab25zZQo6FEBwYXJzZV9kYXRldGltZXU6CVRpbWUNE1kbgDgWFQM6CUB4bWxv%0AOhNSRVhNTDo6RWxlbWVudA86EEBhdHRyaWJ1dGVzSUM6FlJFWE1MOjpBdHRy%0AaWJ1dGVzewAGOg1AZWxlbWVudEALOh1AaWdub3JlX3doaXRlc3BhY2Vfbm9k%0AZXNGOg5AY2hpbGRyZW5bCG86EFJFWE1MOjpUZXh0CzoMQHN0cmluZyIICgkJ%0AOhBAbm9ybWFsaXplZDA6E0BlbnRpdHlfZmlsdGVyMDoJQHJhd1Q6DEBwYXJl%0AbnRACzoSQHVubm9ybWFsaXplZDBvOw4POw9JQzsQewAGOxFAEDsSRjsTWwZv%0AOxQLOxUiCXdld3U7FjA7FzA7GFQ7GUAQOxoiCXdld3U6EEB3aGl0ZXNwYWNl%0AVDoNQGNvbnRleHR7ADoTQGV4cGFuZGVkX25hbWUiDWNhczp1c2VyOgxAcHJl%0AZml4IghjYXM6CkBuYW1lIgl1c2VyOxlACzoOQGVsZW1lbnRzbzoUUkVYTUw6%0AOkVsZW1lbnRzBjsRQBBvOxQLOxUiCQoKCgk7FjA7FzA7GFQ7GUALOxowOxtU%0AOxxAFjsdIh5jYXM6YXV0aGVudGljYXRpb25TdWNjZXNzOx4iCGNhczsfIhph%0AdXRoZW50aWNhdGlvblN1Y2Nlc3M7GW87Dg87D0lDOxB7BiIIY2FzbzoVUkVY%0ATUw6OkF0dHJpYnV0ZQs7FjA7HSIOeG1sbnM6Y2FzOx4iCnhtbG5zOx8iCGNh%0AczsaIh9odHRwOi8vd3d3LnlhbGUuZWR1L3RwL2NhczsRQCAGOxFAIDsSRjsT%0AWwhvOxQLOxUiBwoJOxYwOxcwOxhUOxlAIDsaMEALbzsUCzsVIgYKOxYwOxcw%0AOxhUOxlAIDsaMDsbVDscQBY7HSIYY2FzOnNlcnZpY2VSZXNwb25zZTseIghj%0AYXM7HyIUc2VydmljZVJlc3BvbnNlOxlvOhRSRVhNTDo6RG9jdW1lbnQQOw9J%0AQzsQewAGOxFAMDsSRjsTWwdAIG87FAs7FSIGCjsWMDsXMDsYVDsZQDA7GjA6%0AD0BuYW1lc3BhY2UiADsbVDscQBY7HSIOVU5ERUZJTkVEOx4iADsfIg5VTkRF%0ARklORUQ7GTA7IG87IQY7EUAwOyBvOyEGOxFAIDsgbzshBjsRQAs6DkBwcm90%0Ab2NvbGYGMjoKQHVzZXIiCXdld3U6FkBleHRyYV9hdHRyaWJ1dGVzewA6C0By%0AZW5ldzA6GWNhc19leHRyYV9hdHRyaWJ1dGVzQD46EmNhc2ZpbHRlcnVzZXJA%0APToYY2FzX3NlbnRfdG9fZ2F0ZXdheUYiCmZsYXNoSUM6J0FjdGlvbkNvbnRy%0Ab2xsZXI6OkZsYXNoOjpGbGFzaEhhc2h7AAY6CkB1c2VkewA6DWNhc191c2Vy%0AQD0%3D--72645a151b28efd06ab01b17827b548a2512e71e
  Parameters: {}


ActionController::RoutingError (No route matches "/images/Bscore_plot_avg_235_234_233_236_237_238_239_240_241_242_243_24.jpg" with {:method=>:get}):
    /opt/ruby-enterprise-1.8.6-20090520/lib/ruby/gems/1.8/gems/actionpack-2.0.2/lib/action_controller/routing.rb:1441:in `recognize_path'
    /opt/ruby-enterprise-1.8.6-20090520/lib/ruby/gems/1.8/gems/actionpack-2.0.2/lib/action_controller/routing.rb:1424:in `recognize'
    /opt/ruby-enterprise-1.8.6-20090520/lib/ruby/gems/1.8/gems/actionpack-2.0.2/lib/action_controller/dispatcher.rb:170:in `handle_request'
    /opt/ruby-enterprise-1.8.6-20090520/lib/ruby/gems/1.8/gems/actionpack-2.0.2/lib/action_controller/dispatcher.rb:115:in `dispatch'
    /opt/ruby-enterprise-1.8.6-20090520/lib/ruby/gems/1.8/gems/actionpack-2.0.2/lib/action_controller/dispatcher.rb:126:in `dispatch_cgi'
    /opt/ruby-enterprise-1.8.6-20090520/lib/ruby/gems/1.8/gems/actionpack-2.0.2/lib/action_controller/dispatcher.rb:9:in `dispatch'
    /opt/ruby-enterprise-1.8.6-20090520/lib/ruby/gems/1.8/gems/passenger-2.2.2/lib/phusion_passenger/railz/request_handler.rb:45:in `process_request'
    /opt/ruby-enterprise-1.8.6-20090520/lib/ruby/gems/1.8/gems/passenger-2.2.2/lib/phusion_passenger/abstract_request_handler.rb:203:in `main_loop'
    /opt/ruby-enterprise-1.8.6-20090520/lib/ruby/gems/1.8/gems/passenger-2.2.2/lib/phusion_passenger/railz/application_spawner.rb:340:in `start_request_handler'
    /opt/ruby-enterprise-1.8.6-20090520/lib/ruby/gems/1.8/gems/passenger-2.2.2/lib/phusion_passenger/railz/application_spawner.rb:298:in `handle_spawn_application'
    /opt/ruby-enterprise-1.8.6-20090520/lib/ruby/gems/1.8/gems/passenger-2.2.2/lib/phusion_passenger/utils.rb:181:in `safe_fork'
    /opt/ruby-enterprise-1.8.6-20090520/lib/ruby/gems/1.8/gems/passenger-2.2.2/lib/phusion_passenger/railz/application_spawner.rb:296:in `handle_spawn_application'
    /opt/ruby-enterprise-1.8.6-20090520/lib/ruby/gems/1.8/gems/passenger-2.2.2/lib/phusion_passenger/abstract_server.rb:337:in `__send__'
    /opt/ruby-enterprise-1.8.6-20090520/lib/ruby/gems/1.8/gems/passenger-2.2.2/lib/phusion_passenger/abstract_server.rb:337:in `main_loop'
    /opt/ruby-enterprise-1.8.6-20090520/lib/ruby/gems/1.8/gems/passenger-2.2.2/lib/phusion_passenger/abstract_server.rb:187:in `start_synchronously'
    /opt/ruby-enterprise-1.8.6-20090520/lib/ruby/gems/1.8/gems/passenger-2.2.2/lib/phusion_passenger/abstract_server.rb:154:in `start'
    /opt/ruby-enterprise-1.8.6-20090520/lib/ruby/gems/1.8/gems/passenger-2.2.2/lib/phusion_passenger/railz/application_spawner.rb:192:in `start'
    /opt/ruby-enterprise-1.8.6-20090520/lib/ruby/gems/1.8/gems/passenger-2.2.2/lib/phusion_passenger/spawn_manager.rb:257:in `spawn_rails_application'
    /opt/ruby-enterprise-1.8.6-20090520/lib/ruby/gems/1.8/gems/passenger-2.2.2/lib/phusion_passenger/abstract_server_collection.rb:126:in `lookup_or_add'
    /opt/ruby-enterprise-1.8.6-20090520/lib/ruby/gems/1.8/gems/passenger-2.2.2/lib/phusion_passenger/spawn_manager.rb:251:in `spawn_rails_application'
    /opt/ruby-enterprise-1.8.6-20090520/lib/ruby/gems/1.8/gems/passenger-2.2.2/lib/phusion_passenger/abstract_server_collection.rb:80:in `synchronize'
    /opt/ruby-enterprise-1.8.6-20090520/lib/ruby/gems/1.8/gems/passenger-2.2.2/lib/phusion_passenger/abstract_server_collection.rb:79:in `synchronize'
    /opt/ruby-enterprise-1.8.6-20090520/lib/ruby/gems/1.8/gems/passenger-2.2.2/lib/phusion_passenger/spawn_manager.rb:250:in `spawn_rails_application'
    /opt/ruby-enterprise-1.8.6-20090520/lib/ruby/gems/1.8/gems/passenger-2.2.2/lib/phusion_passenger/spawn_manager.rb:153:in `spawn_application'
    /opt/ruby-enterprise-1.8.6-20090520/lib/ruby/gems/1.8/gems/passenger-2.2.2/lib/phusion_passenger/spawn_manager.rb:282:in `handle_spawn_application'
    /opt/ruby-enterprise-1.8.6-20090520/lib/ruby/gems/1.8/gems/passenger-2.2.2/lib/phusion_passenger/abstract_server.rb:337:in `__send__'
    /opt/ruby-enterprise-1.8.6-20090520/lib/ruby/gems/1.8/gems/passenger-2.2.2/lib/phusion_passenger/abstract_server.rb:337:in `main_loop'
    /opt/ruby-enterprise-1.8.6-20090520/lib/ruby/gems/1.8/gems/passenger-2.2.2/lib/phusion_passenger/abstract_server.rb:187:in `start_synchronously'
    /opt/ruby-enterprise-1.8.6-20090520/lib/ruby/gems/1.8/gems/passenger-2.2.2/bin/passenger-spawn-server:61



Processing ApplicationController#index (for 165.123.243.49 at 2009-07-09 15:37:53) [GET]
  Session ID: BAh7CzoaY2FzX2xhc3RfdmFsaWRfdGlja2V0bzodQ0FTQ2xpZW50OjpTZXJ2%0AaWNlVGlja2V0CToNQHNlcnZpY2UiKmh0dHA6Ly9iaW9pbmYuaXRtYXQudXBl%0Abm4uZWR1L3NjcmVlbi86DEB0aWNrZXQiH1NULTIzLXQxbnRtUWMzTDBiNVo2%0ARk9LRkQzOg5AcmVzcG9uc2VvOiJDQVNDbGllbnQ6OlZhbGlkYXRpb25SZXNw%0Ab25zZQo6FEBwYXJzZV9kYXRldGltZXU6CVRpbWUNE1kbgDgWFQM6CUB4bWxv%0AOhNSRVhNTDo6RWxlbWVudA86EEBhdHRyaWJ1dGVzSUM6FlJFWE1MOjpBdHRy%0AaWJ1dGVzewAGOg1AZWxlbWVudEALOh1AaWdub3JlX3doaXRlc3BhY2Vfbm9k%0AZXNGOg5AY2hpbGRyZW5bCG86EFJFWE1MOjpUZXh0CzoMQHN0cmluZyIICgkJ%0AOhBAbm9ybWFsaXplZDA6E0BlbnRpdHlfZmlsdGVyMDoJQHJhd1Q6DEBwYXJl%0AbnRACzoSQHVubm9ybWFsaXplZDBvOw4POw9JQzsQewAGOxFAEDsSRjsTWwZv%0AOxQLOxUiCXdld3U7FjA7FzA7GFQ7GUAQOxoiCXdld3U6EEB3aGl0ZXNwYWNl%0AVDoNQGNvbnRleHR7ADoTQGV4cGFuZGVkX25hbWUiDWNhczp1c2VyOgxAcHJl%0AZml4IghjYXM6CkBuYW1lIgl1c2VyOxlACzoOQGVsZW1lbnRzbzoUUkVYTUw6%0AOkVsZW1lbnRzBjsRQBBvOxQLOxUiCQoKCgk7FjA7FzA7GFQ7GUALOxowOxtU%0AOxxAFjsdIh5jYXM6YXV0aGVudGljYXRpb25TdWNjZXNzOx4iCGNhczsfIhph%0AdXRoZW50aWNhdGlvblN1Y2Nlc3M7GW87Dg87D0lDOxB7BiIIY2FzbzoVUkVY%0ATUw6OkF0dHJpYnV0ZQs7FjA7HSIOeG1sbnM6Y2FzOx4iCnhtbG5zOx8iCGNh%0AczsaIh9odHRwOi8vd3d3LnlhbGUuZWR1L3RwL2NhczsRQCAGOxFAIDsSRjsT%0AWwhvOxQLOxUiBwoJOxYwOxcwOxhUOxlAIDsaMEALbzsUCzsVIgYKOxYwOxcw%0AOxhUOxlAIDsaMDsbVDscQBY7HSIYY2FzOnNlcnZpY2VSZXNwb25zZTseIghj%0AYXM7HyIUc2VydmljZVJlc3BvbnNlOxlvOhRSRVhNTDo6RG9jdW1lbnQQOw9J%0AQzsQewAGOxFAMDsSRjsTWwdAIG87FAs7FSIGCjsWMDsXMDsYVDsZQDA7GjA6%0AD0BuYW1lc3BhY2UiADsbVDscQBY7HSIOVU5ERUZJTkVEOx4iADsfIg5VTkRF%0ARklORUQ7GTA7IG87IQY7EUAwOyBvOyEGOxFAIDsgbzshBjsRQAs6DkBwcm90%0Ab2NvbGYGMjoKQHVzZXIiCXdld3U6FkBleHRyYV9hdHRyaWJ1dGVzewA6C0By%0AZW5ldzA6GWNhc19leHRyYV9hdHRyaWJ1dGVzQD46EmNhc2ZpbHRlcnVzZXJA%0APToYY2FzX3NlbnRfdG9fZ2F0ZXdheUYiCmZsYXNoSUM6J0FjdGlvbkNvbnRy%0Ab2xsZXI6OkZsYXNoOjpGbGFzaEhhc2h7AAY6CkB1c2VkewA6DWNhc191c2Vy%0AQD0%3D--72645a151b28efd06ab01b17827b548a2512e71e
  Parameters: {}


ActionController::RoutingError (No route matches "/images/Bscore_hist_avg_235_234_233_236_237_238_239_240_241_242_243_24.jpg" with {:method=>:get}):
    /opt/ruby-enterprise-1.8.6-20090520/lib/ruby/gems/1.8/gems/actionpack-2.0.2/lib/action_controller/routing.rb:1441:in `recognize_path'
    /opt/ruby-enterprise-1.8.6-20090520/lib/ruby/gems/1.8/gems/actionpack-2.0.2/lib/action_controller/routing.rb:1424:in `recognize'
    /opt/ruby-enterprise-1.8.6-20090520/lib/ruby/gems/1.8/gems/actionpack-2.0.2/lib/action_controller/dispatcher.rb:170:in `handle_request'
    /opt/ruby-enterprise-1.8.6-20090520/lib/ruby/gems/1.8/gems/actionpack-2.0.2/lib/action_controller/dispatcher.rb:115:in `dispatch'
    /opt/ruby-enterprise-1.8.6-20090520/lib/ruby/gems/1.8/gems/actionpack-2.0.2/lib/action_controller/dispatcher.rb:126:in `dispatch_cgi'
    /opt/ruby-enterprise-1.8.6-20090520/lib/ruby/gems/1.8/gems/actionpack-2.0.2/lib/action_controller/dispatcher.rb:9:in `dispatch'
    /opt/ruby-enterprise-1.8.6-20090520/lib/ruby/gems/1.8/gems/passenger-2.2.2/lib/phusion_passenger/railz/request_handler.rb:45:in `process_request'
    /opt/ruby-enterprise-1.8.6-20090520/lib/ruby/gems/1.8/gems/passenger-2.2.2/lib/phusion_passenger/abstract_request_handler.rb:203:in `main_loop'
    /opt/ruby-enterprise-1.8.6-20090520/lib/ruby/gems/1.8/gems/passenger-2.2.2/lib/phusion_passenger/railz/application_spawner.rb:340:in `start_request_handler'
    /opt/ruby-enterprise-1.8.6-20090520/lib/ruby/gems/1.8/gems/passenger-2.2.2/lib/phusion_passenger/railz/application_spawner.rb:298:in `handle_spawn_application'
    /opt/ruby-enterprise-1.8.6-20090520/lib/ruby/gems/1.8/gems/passenger-2.2.2/lib/phusion_passenger/utils.rb:181:in `safe_fork'
    /opt/ruby-enterprise-1.8.6-20090520/lib/ruby/gems/1.8/gems/passenger-2.2.2/lib/phusion_passenger/railz/application_spawner.rb:296:in `handle_spawn_application'
    /opt/ruby-enterprise-1.8.6-20090520/lib/ruby/gems/1.8/gems/passenger-2.2.2/lib/phusion_passenger/abstract_server.rb:337:in `__send__'
    /opt/ruby-enterprise-1.8.6-20090520/lib/ruby/gems/1.8/gems/passenger-2.2.2/lib/phusion_passenger/abstract_server.rb:337:in `main_loop'
    /opt/ruby-enterprise-1.8.6-20090520/lib/ruby/gems/1.8/gems/passenger-2.2.2/lib/phusion_passenger/abstract_server.rb:187:in `start_synchronously'
    /opt/ruby-enterprise-1.8.6-20090520/lib/ruby/gems/1.8/gems/passenger-2.2.2/lib/phusion_passenger/abstract_server.rb:154:in `start'
    /opt/ruby-enterprise-1.8.6-20090520/lib/ruby/gems/1.8/gems/passenger-2.2.2/lib/phusion_passenger/railz/application_spawner.rb:192:in `start'
    /opt/ruby-enterprise-1.8.6-20090520/lib/ruby/gems/1.8/gems/passenger-2.2.2/lib/phusion_passenger/spawn_manager.rb:257:in `spawn_rails_application'
    /opt/ruby-enterprise-1.8.6-20090520/lib/ruby/gems/1.8/gems/passenger-2.2.2/lib/phusion_passenger/abstract_server_collection.rb:126:in `lookup_or_add'
    /opt/ruby-enterprise-1.8.6-20090520/lib/ruby/gems/1.8/gems/passenger-2.2.2/lib/phusion_passenger/spawn_manager.rb:251:in `spawn_rails_application'
    /opt/ruby-enterprise-1.8.6-20090520/lib/ruby/gems/1.8/gems/passenger-2.2.2/lib/phusion_passenger/abstract_server_collection.rb:80:in `synchronize'
    /opt/ruby-enterprise-1.8.6-20090520/lib/ruby/gems/1.8/gems/passenger-2.2.2/lib/phusion_passenger/abstract_server_collection.rb:79:in `synchronize'
    /opt/ruby-enterprise-1.8.6-20090520/lib/ruby/gems/1.8/gems/passenger-2.2.2/lib/phusion_passenger/spawn_manager.rb:250:in `spawn_rails_application'
    /opt/ruby-enterprise-1.8.6-20090520/lib/ruby/gems/1.8/gems/passenger-2.2.2/lib/phusion_passenger/spawn_manager.rb:153:in `spawn_application'
    /opt/ruby-enterprise-1.8.6-20090520/lib/ruby/gems/1.8/gems/passenger-2.2.2/lib/phusion_passenger/spawn_manager.rb:282:in `handle_spawn_application'
    /opt/ruby-enterprise-1.8.6-20090520/lib/ruby/gems/1.8/gems/passenger-2.2.2/lib/phusion_passenger/abstract_server.rb:337:in `__send__'
    /opt/ruby-enterprise-1.8.6-20090520/lib/ruby/gems/1.8/gems/passenger-2.2.2/lib/phusion_passenger/abstract_server.rb:337:in `main_loop'
    /opt/ruby-enterprise-1.8.6-20090520/lib/ruby/gems/1.8/gems/passenger-2.2.2/lib/phusion_passenger/abstract_server.rb:187:in `start_synchronously'
    /opt/ruby-enterprise-1.8.6-20090520/lib/ruby/gems/1.8/gems/passenger-2.2.2/bin/passenger-spawn-server:61



Processing AssayController#goto_list_page (for 165.123.243.49 at 2009-07-09 15:37:56) [GET]
  Session ID: BAh7CzoaY2FzX2xhc3RfdmFsaWRfdGlja2V0bzodQ0FTQ2xpZW50OjpTZXJ2%0AaWNlVGlja2V0CToNQHNlcnZpY2UiKmh0dHA6Ly9iaW9pbmYuaXRtYXQudXBl%0Abm4uZWR1L3NjcmVlbi86DkByZXNwb25zZW86IkNBU0NsaWVudDo6VmFsaWRh%0AdGlvblJlc3BvbnNlCjoUQHBhcnNlX2RhdGV0aW1ldToJVGltZQ0TWRuAOBYV%0AAzoJQHhtbG86E1JFWE1MOjpFbGVtZW50DzodQGlnbm9yZV93aGl0ZXNwYWNl%0AX25vZGVzRjoQQGF0dHJpYnV0ZXNJQzoWUkVYTUw6OkF0dHJpYnV0ZXN7AAY6%0ADUBlbGVtZW50QAo6EEB3aGl0ZXNwYWNlVDoOQGNoaWxkcmVuWwhvOhBSRVhN%0ATDo6VGV4dAs6DEBzdHJpbmciCAoJCToQQG5vcm1hbGl6ZWQwOhNAZW50aXR5%0AX2ZpbHRlcjA6CUByYXdUOgxAcGFyZW50QAo6EkB1bm5vcm1hbGl6ZWQwbzsN%0ADzsORjsPSUM7EHsABjsRQA87ElQ7E1sGbzsUCzsVIgl3ZXd1OxYwOxcwOxhU%0AOxlADzsaIgl3ZXd1OgxAcHJlZml4IghjYXM6E0BleHBhbmRlZF9uYW1lIg1j%0AYXM6dXNlcjoNQGNvbnRleHR7ADoKQG5hbWUiCXVzZXI6DkBlbGVtZW50c286%0AFFJFWE1MOjpFbGVtZW50cwY7EUAPOxlACm87FAs7FSIJCgoKCTsWMDsXMDsY%0AVDsZQAo7GjA7GyIIY2FzOxwiHmNhczphdXRoZW50aWNhdGlvblN1Y2Nlc3M7%0AHUAXOx4iGmF1dGhlbnRpY2F0aW9uU3VjY2VzczsfbzsgBjsRQAo7GW87DQ87%0ADkY7D0lDOxB7BiIIY2FzbzoVUkVYTUw6OkF0dHJpYnV0ZQs7FjA7GyIKeG1s%0AbnM7HCIOeG1sbnM6Y2FzOx4iCGNhczsaIh9odHRwOi8vd3d3LnlhbGUuZWR1%0AL3RwL2NhczsRQCAGOxFAIDsSVDsTWwhvOxQLOxUiBwoJOxYwOxcwOxhUOxlA%0AIDsaMEAKbzsUCzsVIgYKOxYwOxcwOxhUOxlAIDsaMDsbIghjYXM7HCIYY2Fz%0AOnNlcnZpY2VSZXNwb25zZTsdQBc7HiIUc2VydmljZVJlc3BvbnNlOx9vOyAG%0AOxFAIDsZbzoUUkVYTUw6OkRvY3VtZW50EDsORjsPSUM7EHsABjsRQDE7ElQ6%0AD0BuYW1lc3BhY2UiADsTWwdAIG87FAs7FSIGCjsWMDsXMDsYVDsZQDE7GjA7%0AGyIAOxwiDlVOREVGSU5FRDsdQBc7HiIOVU5ERUZJTkVEOx9vOyAGOxFAMTsZ%0AMDoOQHByb3RvY29sZgYyOgpAdXNlciIJd2V3dToWQGV4dHJhX2F0dHJpYnV0%0AZXN7ADoMQHRpY2tldCIfU1QtMjMtdDFudG1RYzNMMGI1WjZGT0tGRDM6C0By%0AZW5ldzA6GWNhc19leHRyYV9hdHRyaWJ1dGVzQD06EmNhc2ZpbHRlcnVzZXJA%0APDoYY2FzX3NlbnRfdG9fZ2F0ZXdheUYiCmZsYXNoSUM6J0FjdGlvbkNvbnRy%0Ab2xsZXI6OkZsYXNoOjpGbGFzaEhhc2h7AAY6CkB1c2VkewA6DWNhc191c2Vy%0AQDw%3D--95f27ef896f329c814447c21e4fa0d808828a842
  Parameters: {"title"=>"B score", "action"=>"goto_list_page", "controller"=>"assay", "func"=>"Bscore", "aidstr_list"=>"235_234_233_236_237_238_239_240_241_242_243_244_245_246_247_248_249_250_251_252_253_254_255_256_257_258_259_260_261_262_263_264_265_266_267_268_269_270_271_272_273_274_275_276_277_278_279_280_281_282_283_284_285_286"}
Ticket "ST-23-t1ntmQc3L0b5Z6FOKFD3" for service "http://bioinf.itmat.upenn.edu/screen/" belonging to user "wewu" is VALID.
Rendering template within layouts/application
Rendering assay/assay_list
Completed in 0.50515 (1 reqs/sec) | Rendering: 0.49025 (97%) | DB: 0.00000 (0%) | 200 OK [http://bioinf.itmat.upenn.edu/screen/assay/goto_list_page?aidstr_list=235_234_233_236_237_238_239_240_241_242_243_244_245_246_247_248_249_250_251_252_253_254_255_256_257_258_259_260_261_262_263_264_265_266_267_268_269_270_271_272_273_274_275_276_277_278_279_280_281_282_283_284_285_286&func=Bscore&title=B+score]
/!\ FAILSAFE /!\  Thu Jul 09 15:38:01 -0400 2009
  Status: 500 Internal Server Error
  bad boundary end of body part
    /opt/ruby-enterprise-1.8.6-20090520/lib/ruby/gems/1.8/gems/actionpack-2.0.2/lib/action_controller/request.rb:589:in `read_multipart'
    /opt/ruby-enterprise-1.8.6-20090520/lib/ruby/gems/1.8/gems/actionpack-2.0.2/lib/action_controller/request.rb:445:in `parse_multipart_form_parameters'
    /opt/ruby-enterprise-1.8.6-20090520/lib/ruby/gems/1.8/gems/actionpack-2.0.2/lib/action_controller/request.rb:383:in `parse_formatted_request_parameters'
    /opt/ruby-enterprise-1.8.6-20090520/lib/ruby/gems/1.8/gems/actionpack-2.0.2/lib/action_controller/cgi_process.rb:78:in `request_parameters'
    /opt/ruby-enterprise-1.8.6-20090520/lib/ruby/gems/1.8/gems/actionpack-2.0.2/lib/action_controller/request.rb:287:in `parameters'
    /opt/ruby-enterprise-1.8.6-20090520/lib/ruby/gems/1.8/gems/actionpack-2.0.2/lib/action_controller/request.rb:22:in `request_method'
    /opt/ruby-enterprise-1.8.6-20090520/lib/ruby/gems/1.8/gems/actionpack-2.0.2/lib/action_controller/request.rb:35:in `method'
    /opt/ruby-enterprise-1.8.6-20090520/lib/ruby/gems/1.8/gems/actionpack-2.0.2/lib/action_controller/routing.rb:1483:in `extract_request_environment'
    /opt/ruby-enterprise-1.8.6-20090520/lib/ruby/gems/1.8/gems/actionpack-2.0.2/lib/action_controller/routing.rb:1424:in `recognize'
    /opt/ruby-enterprise-1.8.6-20090520/lib/ruby/gems/1.8/gems/actionpack-2.0.2/lib/action_controller/dispatcher.rb:170:in `handle_request'
    /opt/ruby-enterprise-1.8.6-20090520/lib/ruby/gems/1.8/gems/actionpack-2.0.2/lib/action_controller/dispatcher.rb:115:in `dispatch'
    /opt/ruby-enterprise-1.8.6-20090520/lib/ruby/gems/1.8/gems/actionpack-2.0.2/lib/action_controller/dispatcher.rb:126:in `dispatch_cgi'
    /opt/ruby-enterprise-1.8.6-20090520/lib/ruby/gems/1.8/gems/actionpack-2.0.2/lib/action_controller/dispatcher.rb:9:in `dispatch'
    /opt/ruby-enterprise-1.8.6-20090520/lib/ruby/gems/1.8/gems/passenger-2.2.2/lib/phusion_passenger/railz/request_handler.rb:45:in `process_request'
    /opt/ruby-enterprise-1.8.6-20090520/lib/ruby/gems/1.8/gems/passenger-2.2.2/lib/phusion_passenger/abstract_request_handler.rb:203:in `main_loop'
    /opt/ruby-enterprise-1.8.6-20090520/lib/ruby/gems/1.8/gems/passenger-2.2.2/lib/phusion_passenger/railz/application_spawner.rb:340:in `start_request_handler'
    /opt/ruby-enterprise-1.8.6-20090520/lib/ruby/gems/1.8/gems/passenger-2.2.2/lib/phusion_passenger/railz/application_spawner.rb:298:in `handle_spawn_application'
    /opt/ruby-enterprise-1.8.6-20090520/lib/ruby/gems/1.8/gems/passenger-2.2.2/lib/phusion_passenger/utils.rb:181:in `safe_fork'
    /opt/ruby-enterprise-1.8.6-20090520/lib/ruby/gems/1.8/gems/passenger-2.2.2/lib/phusion_passenger/railz/application_spawner.rb:296:in `handle_spawn_application'
    /opt/ruby-enterprise-1.8.6-20090520/lib/ruby/gems/1.8/gems/passenger-2.2.2/lib/phusion_passenger/abstract_server.rb:337:in `__send__'
    /opt/ruby-enterprise-1.8.6-20090520/lib/ruby/gems/1.8/gems/passenger-2.2.2/lib/phusion_passenger/abstract_server.rb:337:in `main_loop'
    /opt/ruby-enterprise-1.8.6-20090520/lib/ruby/gems/1.8/gems/passenger-2.2.2/lib/phusion_passenger/abstract_server.rb:187:in `start_synchronously'
    /opt/ruby-enterprise-1.8.6-20090520/lib/ruby/gems/1.8/gems/passenger-2.2.2/lib/phusion_passenger/abstract_server.rb:154:in `start'
    /opt/ruby-enterprise-1.8.6-20090520/lib/ruby/gems/1.8/gems/passenger-2.2.2/lib/phusion_passenger/railz/application_spawner.rb:192:in `start'
    /opt/ruby-enterprise-1.8.6-20090520/lib/ruby/gems/1.8/gems/passenger-2.2.2/lib/phusion_passenger/spawn_manager.rb:257:in `spawn_rails_application'
    /opt/ruby-enterprise-1.8.6-20090520/lib/ruby/gems/1.8/gems/passenger-2.2.2/lib/phusion_passenger/abstract_server_collection.rb:126:in `lookup_or_add'
    /opt/ruby-enterprise-1.8.6-20090520/lib/ruby/gems/1.8/gems/passenger-2.2.2/lib/phusion_passenger/spawn_manager.rb:251:in `spawn_rails_application'
    /opt/ruby-enterprise-1.8.6-20090520/lib/ruby/gems/1.8/gems/passenger-2.2.2/lib/phusion_passenger/abstract_server_collection.rb:80:in `synchronize'
    /opt/ruby-enterprise-1.8.6-20090520/lib/ruby/gems/1.8/gems/passenger-2.2.2/lib/phusion_passenger/abstract_server_collection.rb:79:in `synchronize'
    /opt/ruby-enterprise-1.8.6-20090520/lib/ruby/gems/1.8/gems/passenger-2.2.2/lib/phusion_passenger/spawn_manager.rb:250:in `spawn_rails_application'
    /opt/ruby-enterprise-1.8.6-20090520/lib/ruby/gems/1.8/gems/passenger-2.2.2/lib/phusion_passenger/spawn_manager.rb:153:in `spawn_application'
    /opt/ruby-enterprise-1.8.6-20090520/lib/ruby/gems/1.8/gems/passenger-2.2.2/lib/phusion_passenger/spawn_manager.rb:282:in `handle_spawn_application'
    /opt/ruby-enterprise-1.8.6-20090520/lib/ruby/gems/1.8/gems/passenger-2.2.2/lib/phusion_passenger/abstract_server.rb:337:in `__send__'
    /opt/ruby-enterprise-1.8.6-20090520/lib/ruby/gems/1.8/gems/passenger-2.2.2/lib/phusion_passenger/abstract_server.rb:337:in `main_loop'
    /opt/ruby-enterprise-1.8.6-20090520/lib/ruby/gems/1.8/gems/passenger-2.2.2/lib/phusion_passenger/abstract_server.rb:187:in `start_synchronously'
    /opt/ruby-enterprise-1.8.6-20090520/lib/ruby/gems/1.8/gems/passenger-2.2.2/bin/passenger-spawn-server:61


Processing AssayController#show_button_onclick (for 165.123.243.49 at 2009-07-09 15:38:11) [POST]
  Session ID: BAh7CzoaY2FzX2xhc3RfdmFsaWRfdGlja2V0bzodQ0FTQ2xpZW50OjpTZXJ2%0AaWNlVGlja2V0CToNQHNlcnZpY2UiKmh0dHA6Ly9iaW9pbmYuaXRtYXQudXBl%0Abm4uZWR1L3NjcmVlbi86DEB0aWNrZXQiH1NULTIzLXQxbnRtUWMzTDBiNVo2%0ARk9LRkQzOg5AcmVzcG9uc2VvOiJDQVNDbGllbnQ6OlZhbGlkYXRpb25SZXNw%0Ab25zZQo6FEBwYXJzZV9kYXRldGltZXU6CVRpbWUNE1kbgDgWFQM6CUB4bWxv%0AOhNSRVhNTDo6RWxlbWVudA86EEBhdHRyaWJ1dGVzSUM6FlJFWE1MOjpBdHRy%0AaWJ1dGVzewAGOg1AZWxlbWVudEALOh1AaWdub3JlX3doaXRlc3BhY2Vfbm9k%0AZXNGOg5AY2hpbGRyZW5bCG86EFJFWE1MOjpUZXh0CzoMQHN0cmluZyIICgkJ%0AOhBAbm9ybWFsaXplZDA6E0BlbnRpdHlfZmlsdGVyMDoJQHJhd1Q6DEBwYXJl%0AbnRACzoSQHVubm9ybWFsaXplZDBvOw4POw9JQzsQewAGOxFAEDsSRjsTWwZv%0AOxQLOxUiCXdld3U7FjA7FzA7GFQ7GUAQOxoiCXdld3U6EEB3aGl0ZXNwYWNl%0AVDoNQGNvbnRleHR7ADoTQGV4cGFuZGVkX25hbWUiDWNhczp1c2VyOgxAcHJl%0AZml4IghjYXM6CkBuYW1lIgl1c2VyOxlACzoOQGVsZW1lbnRzbzoUUkVYTUw6%0AOkVsZW1lbnRzBjsRQBBvOxQLOxUiCQoKCgk7FjA7FzA7GFQ7GUALOxowOxtU%0AOxxAFjsdIh5jYXM6YXV0aGVudGljYXRpb25TdWNjZXNzOx4iCGNhczsfIhph%0AdXRoZW50aWNhdGlvblN1Y2Nlc3M7GW87Dg87D0lDOxB7BiIIY2FzbzoVUkVY%0ATUw6OkF0dHJpYnV0ZQs7FjA7HSIOeG1sbnM6Y2FzOx4iCnhtbG5zOx8iCGNh%0AczsaIh9odHRwOi8vd3d3LnlhbGUuZWR1L3RwL2NhczsRQCAGOxFAIDsSRjsT%0AWwhvOxQLOxUiBwoJOxYwOxcwOxhUOxlAIDsaMEALbzsUCzsVIgYKOxYwOxcw%0AOxhUOxlAIDsaMDsbVDscQBY7HSIYY2FzOnNlcnZpY2VSZXNwb25zZTseIghj%0AYXM7HyIUc2VydmljZVJlc3BvbnNlOxlvOhRSRVhNTDo6RG9jdW1lbnQQOw9J%0AQzsQewAGOxFAMDsSRjsTWwdAIG87FAs7FSIGCjsWMDsXMDsYVDsZQDA7GjA6%0AD0BuYW1lc3BhY2UiADsbVDscQBY7HSIOVU5ERUZJTkVEOx4iADsfIg5VTkRF%0ARklORUQ7GTA7IG87IQY7EUAwOyBvOyEGOxFAIDsgbzshBjsRQAs6DkBwcm90%0Ab2NvbGYGMjoKQHVzZXIiCXdld3U6FkBleHRyYV9hdHRyaWJ1dGVzewA6C0By%0AZW5ldzA6GWNhc19leHRyYV9hdHRyaWJ1dGVzQD46EmNhc2ZpbHRlcnVzZXJA%0APToYY2FzX3NlbnRfdG9fZ2F0ZXdheUYiCmZsYXNoSUM6J0FjdGlvbkNvbnRy%0Ab2xsZXI6OkZsYXNoOjpGbGFzaEhhc2h7AAY6CkB1c2VkewA6DWNhc191c2Vy%0AQD0%3D--72645a151b28efd06ab01b17827b548a2512e71e
  Parameters: {"cbox_266"=>"1", "list_subgroup_245"=>"1", "list_subgroup_273"=>"1", "list_subgroup_246"=>"1", "cbox_238"=>"1", "list_subgroup_274"=>"1", "cbox_267"=>"1", "list_subgroup_247"=>"1", "cbox_239"=>"1", "list_subgroup_275"=>"1", "cbox_268"=>"1", "list_subgroup_276"=>"1", "cbox_269"=>"1", "list_subgroup_248"=>"1", "list_subgroup_277"=>"1", "list_subgroup_249"=>"1", "cbox_240"=>"1", "list_subgroup_278"=>"1", "cbox_241"=>"1", "list_subgroup_279"=>"1", "cbox_242"=>"1", "cbox_270"=>"1", "cbox_243"=>"1", "cbox_271"=>"1", "list_subgroup_250"=>"1", "cbox_244"=>"1", "tbox_cutoff"=>"0", "cbox_272"=>"1", "list_subgroup_251"=>"1", "cbox_245"=>"1", "list_subgroup_280"=>"1", "cbox_273"=>"1", "list_subgroup_252"=>"1", "list_subgroup_281"=>"1", "cbox_274"=>"1", "list_subgroup_253"=>"1", "cbox_246"=>"1", "aidstr_list"=>"235_234_233_236_237_238_239_240_241_242_243_244_245_246_247_248_249_250_251_252_253_254_255_256_257_258_259_260_261_262_263_264_265_266_267_268_269_270_271_272_273_274_275_276_277_278_279_280_281_282_283_284_285_286", "list_subgroup_282"=>"1", "cbox_275"=>"1", "list_subgroup_254"=>"1", "cbox_247"=>"1", "list_subgroup_283"=>"1", "cbox_276"=>"1", "list_subgroup_255"=>"1", "cbox_248"=>"1", "list_subgroup_284"=>"1", "controller"=>"assay", "cbox_277"=>"1", "list_subgroup_256"=>"1", "action"=>"show_button_onclick", "list_subgroup_285"=>"1", "cbox_278"=>"1", "list_subgroup_257"=>"1", "cbox_249"=>"1", "list_subgroup_286"=>"1", "cbox_279"=>"1", "list_subgroup_258"=>"1", "list_subgroup_259"=>"1", "cbox_250"=>"1", "cbox_251"=>"1", "cbox_280"=>"1", "cbox_252"=>"1", "cbox_281"=>"1", "list_subgroup_260"=>"1", "cbox_253"=>"1", "cbox_282"=>"1", "list_subgroup_261"=>"1", "cbox_254"=>"1", "list_subgroup_233"=>"1", "func"=>"Bscore", "cbox_283"=>"1", "list_subgroup_262"=>"1", "cbox_255"=>"1", "list_subgroup_234"=>"1", "cbox_284"=>"1", "list_subgroup_263"=>"1", "cbox_256"=>"1", "list_subgroup_235"=>"1", "cbox_285"=>"1", "list_subgroup_264"=>"1", "cbox_257"=>"1", "list_subgroup_236"=>"1", "cbox_286"=>"1", "list_subgroup_265"=>"1", "cbox_258"=>"1", "list_subgroup_237"=>"1", "list_subgroup_266"=>"1", "cbox_259"=>"1", "list_subgroup_238"=>"1", "list_subgroup_267"=>"1", "list_subgroup_239"=>"1", "list_subgroup_268"=>"1", "temp"=>"temp", "list_subgroup_269"=>"1", "cbox_260"=>"1", "cbox_261"=>"1", "list_subgroup_240"=>"1", "cbox_233"=>"1", "cbox_262"=>"1", "list_subgroup_241"=>"1", "cbox_234"=>"1", "cbox_263"=>"1", "list_subgroup_242"=>"1", "cbox_235"=>"1", "list_subgroup_270"=>"1", "cbox_264"=>"1", "list_subgroup_243"=>"1", "cbox_236"=>"1", "title"=>"B score", "list_subgroup_271"=>"1", "list_subgroup_272"=>"1", "cbox_265"=>"1", "list_subgroup_244"=>"1", "cbox_237"=>"1"}
Ticket "ST-23-t1ntmQc3L0b5Z6FOKFD3" for service "http://bioinf.itmat.upenn.edu/screen/" belonging to user "wewu" is VALID.
Rendering template within layouts/application
Rendering assay/score_result
Completed in 112.38726 (0 reqs/sec) | Rendering: 0.04847 (0%) | DB: 0.00000 (0%) | 200 OK [http://bioinf.itmat.upenn.edu/screen/assay/show_button_onclick?aidstr_list=235_234_233_236_237_238_239_240_241_242_243_244_245_246_247_248_249_250_251_252_253_254_255_256_257_258_259_260_261_262_263_264_265_266_267_268_269_270_271_272_273_274_275_276_277_278_279_280_281_282_283_284_285_286&func=Bscore&title=B+score]


Processing AssayController#send_image_file (for 165.123.243.49 at 2009-07-09 15:49:42) [GET]
  Session ID: BAh7CzoaY2FzX2xhc3RfdmFsaWRfdGlja2V0bzodQ0FTQ2xpZW50OjpTZXJ2%0AaWNlVGlja2V0CToNQHNlcnZpY2UiKmh0dHA6Ly9iaW9pbmYuaXRtYXQudXBl%0Abm4uZWR1L3NjcmVlbi86DkByZXNwb25zZW86IkNBU0NsaWVudDo6VmFsaWRh%0AdGlvblJlc3BvbnNlCjoUQHBhcnNlX2RhdGV0aW1ldToJVGltZQ0TWRuAOBYV%0AAzoJQHhtbG86E1JFWE1MOjpFbGVtZW50DzodQGlnbm9yZV93aGl0ZXNwYWNl%0AX25vZGVzRjoQQGF0dHJpYnV0ZXNJQzoWUkVYTUw6OkF0dHJpYnV0ZXN7AAY6%0ADUBlbGVtZW50QAo6EEB3aGl0ZXNwYWNlVDoOQGNoaWxkcmVuWwhvOhBSRVhN%0ATDo6VGV4dAs6DEBzdHJpbmciCAoJCToQQG5vcm1hbGl6ZWQwOhNAZW50aXR5%0AX2ZpbHRlcjA6CUByYXdUOgxAcGFyZW50QAo6EkB1bm5vcm1hbGl6ZWQwbzsN%0ADzsORjsPSUM7EHsABjsRQA87ElQ7E1sGbzsUCzsVIgl3ZXd1OxYwOxcwOxhU%0AOxlADzsaIgl3ZXd1OgxAcHJlZml4IghjYXM6E0BleHBhbmRlZF9uYW1lIg1j%0AYXM6dXNlcjoNQGNvbnRleHR7ADoKQG5hbWUiCXVzZXI6DkBlbGVtZW50c286%0AFFJFWE1MOjpFbGVtZW50cwY7EUAPOxlACm87FAs7FSIJCgoKCTsWMDsXMDsY%0AVDsZQAo7GjA7GyIIY2FzOxwiHmNhczphdXRoZW50aWNhdGlvblN1Y2Nlc3M7%0AHUAXOx4iGmF1dGhlbnRpY2F0aW9uU3VjY2VzczsfbzsgBjsRQAo7GW87DQ87%0ADkY7D0lDOxB7BiIIY2FzbzoVUkVYTUw6OkF0dHJpYnV0ZQs7FjA7GyIKeG1s%0AbnM7HCIOeG1sbnM6Y2FzOx4iCGNhczsaIh9odHRwOi8vd3d3LnlhbGUuZWR1%0AL3RwL2NhczsRQCAGOxFAIDsSVDsTWwhvOxQLOxUiBwoJOxYwOxcwOxhUOxlA%0AIDsaMEAKbzsUCzsVIgYKOxYwOxcwOxhUOxlAIDsaMDsbIghjYXM7HCIYY2Fz%0AOnNlcnZpY2VSZXNwb25zZTsdQBc7HiIUc2VydmljZVJlc3BvbnNlOx9vOyAG%0AOxFAIDsZbzoUUkVYTUw6OkRvY3VtZW50EDsORjsPSUM7EHsABjsRQDE7ElQ6%0AD0BuYW1lc3BhY2UiADsTWwdAIG87FAs7FSIGCjsWMDsXMDsYVDsZQDE7GjA7%0AGyIAOxwiDlVOREVGSU5FRDsdQBc7HiIOVU5ERUZJTkVEOx9vOyAGOxFAMTsZ%0AMDoOQHByb3RvY29sZgYyOgpAdXNlciIJd2V3dToWQGV4dHJhX2F0dHJpYnV0%0AZXN7ADoMQHRpY2tldCIfU1QtMjMtdDFudG1RYzNMMGI1WjZGT0tGRDM6C0By%0AZW5ldzA6GWNhc19leHRyYV9hdHRyaWJ1dGVzQD06EmNhc2ZpbHRlcnVzZXJA%0APDoYY2FzX3NlbnRfdG9fZ2F0ZXdheUYiCmZsYXNoSUM6J0FjdGlvbkNvbnRy%0Ab2xsZXI6OkZsYXNoOjpGbGFzaEhhc2h7AAY6CkB1c2VkewA6DWNhc191c2Vy%0AQDw%3D--95f27ef896f329c814447c21e4fa0d808828a842
  Parameters: {"action"=>"send_image_file", "fname"=>"/data/screen/wewu/r/Bscore_plot_avg_235_234_233_236_237_238_239_240_241_242_243_24.pdf", "controller"=>"assay"}
Ticket "ST-23-t1ntmQc3L0b5Z6FOKFD3" for service "http://bioinf.itmat.upenn.edu/screen/" belonging to user "wewu" is VALID.
Completed in 0.00764 (130 reqs/sec) | Rendering: 0.00012 (1%) | DB: 0.00000 (0%) | 200 OK [http://bioinf.itmat.upenn.edu/screen/assay/send_image_file?fname=%2Fdata%2Fscreen%2Fwewu%2Fr%2FBscore_plot_avg_235_234_233_236_237_238_239_240_241_242_243_24.pdf]
Streaming file /data/screen/wewu/r/Bscore_plot_avg_235_234_233_236_237_238_239_240_241_242_243_24.pdf


Processing AssayController#goto_result_2_page (for 165.123.243.49 at 2009-07-09 15:50:00) [GET]
  Session ID: BAh7CzoaY2FzX2xhc3RfdmFsaWRfdGlja2V0bzodQ0FTQ2xpZW50OjpTZXJ2%0AaWNlVGlja2V0CToNQHNlcnZpY2UiKmh0dHA6Ly9iaW9pbmYuaXRtYXQudXBl%0Abm4uZWR1L3NjcmVlbi86DEB0aWNrZXQiH1NULTIzLXQxbnRtUWMzTDBiNVo2%0ARk9LRkQzOg5AcmVzcG9uc2VvOiJDQVNDbGllbnQ6OlZhbGlkYXRpb25SZXNw%0Ab25zZQo6FEBwYXJzZV9kYXRldGltZXU6CVRpbWUNE1kbgDgWFQM6CUB4bWxv%0AOhNSRVhNTDo6RWxlbWVudA86EEBhdHRyaWJ1dGVzSUM6FlJFWE1MOjpBdHRy%0AaWJ1dGVzewAGOg1AZWxlbWVudEALOh1AaWdub3JlX3doaXRlc3BhY2Vfbm9k%0AZXNGOg5AY2hpbGRyZW5bCG86EFJFWE1MOjpUZXh0CzoMQHN0cmluZyIICgkJ%0AOhBAbm9ybWFsaXplZDA6E0BlbnRpdHlfZmlsdGVyMDoJQHJhd1Q6DEBwYXJl%0AbnRACzoSQHVubm9ybWFsaXplZDBvOw4POw9JQzsQewAGOxFAEDsSRjsTWwZv%0AOxQLOxUiCXdld3U7FjA7FzA7GFQ7GUAQOxoiCXdld3U6EEB3aGl0ZXNwYWNl%0AVDoNQGNvbnRleHR7ADoTQGV4cGFuZGVkX25hbWUiDWNhczp1c2VyOgxAcHJl%0AZml4IghjYXM6CkBuYW1lIgl1c2VyOxlACzoOQGVsZW1lbnRzbzoUUkVYTUw6%0AOkVsZW1lbnRzBjsRQBBvOxQLOxUiCQoKCgk7FjA7FzA7GFQ7GUALOxowOxtU%0AOxxAFjsdIh5jYXM6YXV0aGVudGljYXRpb25TdWNjZXNzOx4iCGNhczsfIhph%0AdXRoZW50aWNhdGlvblN1Y2Nlc3M7GW87Dg87D0lDOxB7BiIIY2FzbzoVUkVY%0ATUw6OkF0dHJpYnV0ZQs7FjA7HSIOeG1sbnM6Y2FzOx4iCnhtbG5zOx8iCGNh%0AczsaIh9odHRwOi8vd3d3LnlhbGUuZWR1L3RwL2NhczsRQCAGOxFAIDsSRjsT%0AWwhvOxQLOxUiBwoJOxYwOxcwOxhUOxlAIDsaMEALbzsUCzsVIgYKOxYwOxcw%0AOxhUOxlAIDsaMDsbVDscQBY7HSIYY2FzOnNlcnZpY2VSZXNwb25zZTseIghj%0AYXM7HyIUc2VydmljZVJlc3BvbnNlOxlvOhRSRVhNTDo6RG9jdW1lbnQQOw9J%0AQzsQewAGOxFAMDsSRjsTWwdAIG87FAs7FSIGCjsWMDsXMDsYVDsZQDA7GjA6%0AD0BuYW1lc3BhY2UiADsbVDscQBY7HSIOVU5ERUZJTkVEOx4iADsfIg5VTkRF%0ARklORUQ7GTA7IG87IQY7EUAwOyBvOyEGOxFAIDsgbzshBjsRQAs6DkBwcm90%0Ab2NvbGYGMjoKQHVzZXIiCXdld3U6FkBleHRyYV9hdHRyaWJ1dGVzewA6C0By%0AZW5ldzA6GWNhc19leHRyYV9hdHRyaWJ1dGVzQD46EmNhc2ZpbHRlcnVzZXJA%0APToYY2FzX3NlbnRfdG9fZ2F0ZXdheUYiCmZsYXNoSUM6J0FjdGlvbkNvbnRy%0Ab2xsZXI6OkZsYXNoOjpGbGFzaEhhc2h7AAY6CkB1c2VkewA6DWNhc191c2Vy%0AQD0%3D--72645a151b28efd06ab01b17827b548a2512e71e
  Parameters: {"title"=>"B score", "idxstr"=>"55", "subfunc"=>"ann", "action"=>"goto_result_2_page", "aidstr_sel"=>"235_234_233_236_237_238_239_240_241_242_243_244_245_246_247_248_249_250_251_252_253_254_255_256_257_258_259_260_261_262_263_264_265_266_267_268_269_270_271_272_273_274_275_276_277_278_279_280_281_282_283_284_285_286", "subtitle"=>"Annotation", "cutoff"=>"0.0", "controller"=>"assay", "outfname"=>"/data/screen/wewu/r/Bscore.out", "func"=>"Bscore", "aidstr_list"=>"235_234_233_236_237_238_239_240_241_242_243_244_245_246_247_248_249_250_251_252_253_254_255_256_257_258_259_260_261_262_263_264_265_266_267_268_269_270_271_272_273_274_275_276_277_278_279_280_281_282_283_284_285_286"}
Ticket "ST-23-t1ntmQc3L0b5Z6FOKFD3" for service "http://bioinf.itmat.upenn.edu/screen/" belonging to user "wewu" is VALID.
Rendering template within layouts/application
Rendering assay/score_result_2
Completed in 29.79687 (0 reqs/sec) | Rendering: 29.78786 (99%) | DB: 0.00000 (0%) | 200 OK [http://bioinf.itmat.upenn.edu/screen/assay/goto_result_2_page?aidstr_list=235_234_233_236_237_238_239_240_241_242_243_244_245_246_247_248_249_250_251_252_253_254_255_256_257_258_259_260_261_262_263_264_265_266_267_268_269_270_271_272_273_274_275_276_277_278_279_280_281_282_283_284_285_286&aidstr_sel=235_234_233_236_237_238_239_240_241_242_243_244_245_246_247_248_249_250_251_252_253_254_255_256_257_258_259_260_261_262_263_264_265_266_267_268_269_270_271_272_273_274_275_276_277_278_279_280_281_282_283_284_285_286&cutoff=0.0&func=Bscore&idxstr=55&outfname=%2Fdata%2Fscreen%2Fwewu%2Fr%2FBscore.out&subfunc=ann&subtitle=Annotation&title=B+score]


Processing AssayController#send_annotation_file (for 165.123.243.49 at 2009-07-09 15:50:37) [GET]
  Session ID: BAh7CzoaY2FzX2xhc3RfdmFsaWRfdGlja2V0bzodQ0FTQ2xpZW50OjpTZXJ2%0AaWNlVGlja2V0CToNQHNlcnZpY2UiKmh0dHA6Ly9iaW9pbmYuaXRtYXQudXBl%0Abm4uZWR1L3NjcmVlbi86DkByZXNwb25zZW86IkNBU0NsaWVudDo6VmFsaWRh%0AdGlvblJlc3BvbnNlCjoUQHBhcnNlX2RhdGV0aW1ldToJVGltZQ0TWRuAOBYV%0AAzoJQHhtbG86E1JFWE1MOjpFbGVtZW50DzodQGlnbm9yZV93aGl0ZXNwYWNl%0AX25vZGVzRjoQQGF0dHJpYnV0ZXNJQzoWUkVYTUw6OkF0dHJpYnV0ZXN7AAY6%0ADUBlbGVtZW50QAo6EEB3aGl0ZXNwYWNlVDoOQGNoaWxkcmVuWwhvOhBSRVhN%0ATDo6VGV4dAs6DEBzdHJpbmciCAoJCToQQG5vcm1hbGl6ZWQwOhNAZW50aXR5%0AX2ZpbHRlcjA6CUByYXdUOgxAcGFyZW50QAo6EkB1bm5vcm1hbGl6ZWQwbzsN%0ADzsORjsPSUM7EHsABjsRQA87ElQ7E1sGbzsUCzsVIgl3ZXd1OxYwOxcwOxhU%0AOxlADzsaIgl3ZXd1OgxAcHJlZml4IghjYXM6E0BleHBhbmRlZF9uYW1lIg1j%0AYXM6dXNlcjoNQGNvbnRleHR7ADoKQG5hbWUiCXVzZXI6DkBlbGVtZW50c286%0AFFJFWE1MOjpFbGVtZW50cwY7EUAPOxlACm87FAs7FSIJCgoKCTsWMDsXMDsY%0AVDsZQAo7GjA7GyIIY2FzOxwiHmNhczphdXRoZW50aWNhdGlvblN1Y2Nlc3M7%0AHUAXOx4iGmF1dGhlbnRpY2F0aW9uU3VjY2VzczsfbzsgBjsRQAo7GW87DQ87%0ADkY7D0lDOxB7BiIIY2FzbzoVUkVYTUw6OkF0dHJpYnV0ZQs7FjA7GyIKeG1s%0AbnM7HCIOeG1sbnM6Y2FzOx4iCGNhczsaIh9odHRwOi8vd3d3LnlhbGUuZWR1%0AL3RwL2NhczsRQCAGOxFAIDsSVDsTWwhvOxQLOxUiBwoJOxYwOxcwOxhUOxlA%0AIDsaMEAKbzsUCzsVIgYKOxYwOxcwOxhUOxlAIDsaMDsbIghjYXM7HCIYY2Fz%0AOnNlcnZpY2VSZXNwb25zZTsdQBc7HiIUc2VydmljZVJlc3BvbnNlOx9vOyAG%0AOxFAIDsZbzoUUkVYTUw6OkRvY3VtZW50EDsORjsPSUM7EHsABjsRQDE7ElQ6%0AD0BuYW1lc3BhY2UiADsTWwdAIG87FAs7FSIGCjsWMDsXMDsYVDsZQDE7GjA7%0AGyIAOxwiDlVOREVGSU5FRDsdQBc7HiIOVU5ERUZJTkVEOx9vOyAGOxFAMTsZ%0AMDoOQHByb3RvY29sZgYyOgpAdXNlciIJd2V3dToWQGV4dHJhX2F0dHJpYnV0%0AZXN7ADoMQHRpY2tldCIfU1QtMjMtdDFudG1RYzNMMGI1WjZGT0tGRDM6C0By%0AZW5ldzA6GWNhc19leHRyYV9hdHRyaWJ1dGVzQD06EmNhc2ZpbHRlcnVzZXJA%0APDoYY2FzX3NlbnRfdG9fZ2F0ZXdheUYiCmZsYXNoSUM6J0FjdGlvbkNvbnRy%0Ab2xsZXI6OkZsYXNoOjpGbGFzaEhhc2h7AAY6CkB1c2VkewA6DWNhc191c2Vy%0AQDw%3D--95f27ef896f329c814447c21e4fa0d808828a842
  Parameters: {"action"=>"send_annotation_file", "fname"=>"/data/screen/wewu/r/annotation_avg_235_234_233_236_237_238_239_240_241_242_243_24.xls", "controller"=>"assay"}
Ticket "ST-23-t1ntmQc3L0b5Z6FOKFD3" for service "http://bioinf.itmat.upenn.edu/screen/" belonging to user "wewu" is VALID.
Completed in 0.00120 (830 reqs/sec) | Rendering: 0.00008 (6%) | DB: 0.00000 (0%) | 200 OK [http://bioinf.itmat.upenn.edu/screen/assay/send_annotation_file?fname=%2Fdata%2Fscreen%2Fwewu%2Fr%2Fannotation_avg_235_234_233_236_237_238_239_240_241_242_243_24.xls]
Streaming file /data/screen/wewu/r/annotation_avg_235_234_233_236_237_238_239_240_241_242_243_24.xls


Processing AssayController#send_annotation_file (for 165.123.243.49 at 2009-07-09 15:50:50) [GET]
  Session ID: BAh7CzoaY2FzX2xhc3RfdmFsaWRfdGlja2V0bzodQ0FTQ2xpZW50OjpTZXJ2%0AaWNlVGlja2V0CToNQHNlcnZpY2UiKmh0dHA6Ly9iaW9pbmYuaXRtYXQudXBl%0Abm4uZWR1L3NjcmVlbi86DEB0aWNrZXQiH1NULTIzLXQxbnRtUWMzTDBiNVo2%0ARk9LRkQzOg5AcmVzcG9uc2VvOiJDQVNDbGllbnQ6OlZhbGlkYXRpb25SZXNw%0Ab25zZQo6FEBwYXJzZV9kYXRldGltZXU6CVRpbWUNE1kbgDgWFQM6CUB4bWxv%0AOhNSRVhNTDo6RWxlbWVudA86EEBhdHRyaWJ1dGVzSUM6FlJFWE1MOjpBdHRy%0AaWJ1dGVzewAGOg1AZWxlbWVudEALOh1AaWdub3JlX3doaXRlc3BhY2Vfbm9k%0AZXNGOg5AY2hpbGRyZW5bCG86EFJFWE1MOjpUZXh0CzoMQHN0cmluZyIICgkJ%0AOhBAbm9ybWFsaXplZDA6E0BlbnRpdHlfZmlsdGVyMDoJQHJhd1Q6DEBwYXJl%0AbnRACzoSQHVubm9ybWFsaXplZDBvOw4POw9JQzsQewAGOxFAEDsSRjsTWwZv%0AOxQLOxUiCXdld3U7FjA7FzA7GFQ7GUAQOxoiCXdld3U6EEB3aGl0ZXNwYWNl%0AVDoNQGNvbnRleHR7ADoTQGV4cGFuZGVkX25hbWUiDWNhczp1c2VyOgxAcHJl%0AZml4IghjYXM6CkBuYW1lIgl1c2VyOxlACzoOQGVsZW1lbnRzbzoUUkVYTUw6%0AOkVsZW1lbnRzBjsRQBBvOxQLOxUiCQoKCgk7FjA7FzA7GFQ7GUALOxowOxtU%0AOxxAFjsdIh5jYXM6YXV0aGVudGljYXRpb25TdWNjZXNzOx4iCGNhczsfIhph%0AdXRoZW50aWNhdGlvblN1Y2Nlc3M7GW87Dg87D0lDOxB7BiIIY2FzbzoVUkVY%0ATUw6OkF0dHJpYnV0ZQs7FjA7HSIOeG1sbnM6Y2FzOx4iCnhtbG5zOx8iCGNh%0AczsaIh9odHRwOi8vd3d3LnlhbGUuZWR1L3RwL2NhczsRQCAGOxFAIDsSRjsT%0AWwhvOxQLOxUiBwoJOxYwOxcwOxhUOxlAIDsaMEALbzsUCzsVIgYKOxYwOxcw%0AOxhUOxlAIDsaMDsbVDscQBY7HSIYY2FzOnNlcnZpY2VSZXNwb25zZTseIghj%0AYXM7HyIUc2VydmljZVJlc3BvbnNlOxlvOhRSRVhNTDo6RG9jdW1lbnQQOw9J%0AQzsQewAGOxFAMDsSRjsTWwdAIG87FAs7FSIGCjsWMDsXMDsYVDsZQDA7GjA6%0AD0BuYW1lc3BhY2UiADsbVDscQBY7HSIOVU5ERUZJTkVEOx4iADsfIg5VTkRF%0ARklORUQ7GTA7IG87IQY7EUAwOyBvOyEGOxFAIDsgbzshBjsRQAs6DkBwcm90%0Ab2NvbGYGMjoKQHVzZXIiCXdld3U6FkBleHRyYV9hdHRyaWJ1dGVzewA6C0By%0AZW5ldzA6GWNhc19leHRyYV9hdHRyaWJ1dGVzQD46EmNhc2ZpbHRlcnVzZXJA%0APToYY2FzX3NlbnRfdG9fZ2F0ZXdheUYiCmZsYXNoSUM6J0FjdGlvbkNvbnRy%0Ab2xsZXI6OkZsYXNoOjpGbGFzaEhhc2h7AAY6CkB1c2VkewA6DWNhc191c2Vy%0AQD0%3D--72645a151b28efd06ab01b17827b548a2512e71e
  Parameters: {"action"=>"send_annotation_file", "fname"=>"/data/screen/wewu/r/annotation_avg_235_234_233_236_237_238_239_240_241_242_243_24.xls", "controller"=>"assay"}
Ticket "ST-23-t1ntmQc3L0b5Z6FOKFD3" for service "http://bioinf.itmat.upenn.edu/screen/" belonging to user "wewu" is VALID.
Completed in 0.00221 (451 reqs/sec) | Rendering: 0.00009 (4%) | DB: 0.00000 (0%) | 200 OK [http://bioinf.itmat.upenn.edu/screen/assay/send_annotation_file?fname=%2Fdata%2Fscreen%2Fwewu%2Fr%2Fannotation_avg_235_234_233_236_237_238_239_240_241_242_243_24.xls]
Streaming file /data/screen/wewu/r/annotation_avg_235_234_233_236_237_238_239_240_241_242_243_24.xls


Processing AssayController#goto_result_page (for 165.123.243.49 at 2009-07-09 15:51:00) [GET]
  Session ID: BAh7CzoaY2FzX2xhc3RfdmFsaWRfdGlja2V0bzodQ0FTQ2xpZW50OjpTZXJ2%0AaWNlVGlja2V0CToNQHNlcnZpY2UiKmh0dHA6Ly9iaW9pbmYuaXRtYXQudXBl%0Abm4uZWR1L3NjcmVlbi86DkByZXNwb25zZW86IkNBU0NsaWVudDo6VmFsaWRh%0AdGlvblJlc3BvbnNlCjoUQHBhcnNlX2RhdGV0aW1ldToJVGltZQ0TWRuAOBYV%0AAzoJQHhtbG86E1JFWE1MOjpFbGVtZW50DzodQGlnbm9yZV93aGl0ZXNwYWNl%0AX25vZGVzRjoQQGF0dHJpYnV0ZXNJQzoWUkVYTUw6OkF0dHJpYnV0ZXN7AAY6%0ADUBlbGVtZW50QAo6EEB3aGl0ZXNwYWNlVDoOQGNoaWxkcmVuWwhvOhBSRVhN%0ATDo6VGV4dAs6DEBzdHJpbmciCAoJCToQQG5vcm1hbGl6ZWQwOhNAZW50aXR5%0AX2ZpbHRlcjA6CUByYXdUOgxAcGFyZW50QAo6EkB1bm5vcm1hbGl6ZWQwbzsN%0ADzsORjsPSUM7EHsABjsRQA87ElQ7E1sGbzsUCzsVIgl3ZXd1OxYwOxcwOxhU%0AOxlADzsaIgl3ZXd1OgxAcHJlZml4IghjYXM6E0BleHBhbmRlZF9uYW1lIg1j%0AYXM6dXNlcjoNQGNvbnRleHR7ADoKQG5hbWUiCXVzZXI6DkBlbGVtZW50c286%0AFFJFWE1MOjpFbGVtZW50cwY7EUAPOxlACm87FAs7FSIJCgoKCTsWMDsXMDsY%0AVDsZQAo7GjA7GyIIY2FzOxwiHmNhczphdXRoZW50aWNhdGlvblN1Y2Nlc3M7%0AHUAXOx4iGmF1dGhlbnRpY2F0aW9uU3VjY2VzczsfbzsgBjsRQAo7GW87DQ87%0ADkY7D0lDOxB7BiIIY2FzbzoVUkVYTUw6OkF0dHJpYnV0ZQs7FjA7GyIKeG1s%0AbnM7HCIOeG1sbnM6Y2FzOx4iCGNhczsaIh9odHRwOi8vd3d3LnlhbGUuZWR1%0AL3RwL2NhczsRQCAGOxFAIDsSVDsTWwhvOxQLOxUiBwoJOxYwOxcwOxhUOxlA%0AIDsaMEAKbzsUCzsVIgYKOxYwOxcwOxhUOxlAIDsaMDsbIghjYXM7HCIYY2Fz%0AOnNlcnZpY2VSZXNwb25zZTsdQBc7HiIUc2VydmljZVJlc3BvbnNlOx9vOyAG%0AOxFAIDsZbzoUUkVYTUw6OkRvY3VtZW50EDsORjsPSUM7EHsABjsRQDE7ElQ6%0AD0BuYW1lc3BhY2UiADsTWwdAIG87FAs7FSIGCjsWMDsXMDsYVDsZQDE7GjA7%0AGyIAOxwiDlVOREVGSU5FRDsdQBc7HiIOVU5ERUZJTkVEOx9vOyAGOxFAMTsZ%0AMDoOQHByb3RvY29sZgYyOgpAdXNlciIJd2V3dToWQGV4dHJhX2F0dHJpYnV0%0AZXN7ADoMQHRpY2tldCIfU1QtMjMtdDFudG1RYzNMMGI1WjZGT0tGRDM6C0By%0AZW5ldzA6GWNhc19leHRyYV9hdHRyaWJ1dGVzQD06EmNhc2ZpbHRlcnVzZXJA%0APDoYY2FzX3NlbnRfdG9fZ2F0ZXdheUYiCmZsYXNoSUM6J0FjdGlvbkNvbnRy%0Ab2xsZXI6OkZsYXNoOjpGbGFzaEhhc2h7AAY6CkB1c2VkewA6DWNhc191c2Vy%0AQDw%3D--95f27ef896f329c814447c21e4fa0d808828a842
  Parameters: {"title"=>"B score", "action"=>"goto_result_page", "aidstr_sel"=>"235_234_233_236_237_238_239_240_241_242_243_244_245_246_247_248_249_250_251_252_253_254_255_256_257_258_259_260_261_262_263_264_265_266_267_268_269_270_271_272_273_274_275_276_277_278_279_280_281_282_283_284_285_286", "cutoff"=>"0.0", "controller"=>"assay", "outfname"=>"/data/screen/wewu/r/Bscore.out", "func"=>"Bscore", "aidstr_list"=>"235_234_233_236_237_238_239_240_241_242_243_244_245_246_247_248_249_250_251_252_253_254_255_256_257_258_259_260_261_262_263_264_265_266_267_268_269_270_271_272_273_274_275_276_277_278_279_280_281_282_283_284_285_286"}
Ticket "ST-23-t1ntmQc3L0b5Z6FOKFD3" for service "http://bioinf.itmat.upenn.edu/screen/" belonging to user "wewu" is VALID.
Rendering template within layouts/application
Rendering assay/score_result
Completed in 0.16494 (6 reqs/sec) | Rendering: 0.15473 (93%) | DB: 0.00000 (0%) | 200 OK [http://bioinf.itmat.upenn.edu/screen/assay/goto_result_page?aidstr_list=235_234_233_236_237_238_239_240_241_242_243_244_245_246_247_248_249_250_251_252_253_254_255_256_257_258_259_260_261_262_263_264_265_266_267_268_269_270_271_272_273_274_275_276_277_278_279_280_281_282_283_284_285_286&aidstr_sel=235_234_233_236_237_238_239_240_241_242_243_244_245_246_247_248_249_250_251_252_253_254_255_256_257_258_259_260_261_262_263_264_265_266_267_268_269_270_271_272_273_274_275_276_277_278_279_280_281_282_283_284_285_286&cutoff=0.0&func=Bscore&outfname=%2Fdata%2Fscreen%2Fwewu%2Fr%2FBscore.out&title=B+score]


Processing AssayController#goto_list_page (for 165.123.243.49 at 2009-07-09 15:51:01) [GET]
  Session ID: BAh7CzoaY2FzX2xhc3RfdmFsaWRfdGlja2V0bzodQ0FTQ2xpZW50OjpTZXJ2%0AaWNlVGlja2V0CToNQHNlcnZpY2UiKmh0dHA6Ly9iaW9pbmYuaXRtYXQudXBl%0Abm4uZWR1L3NjcmVlbi86DEB0aWNrZXQiH1NULTIzLXQxbnRtUWMzTDBiNVo2%0ARk9LRkQzOg5AcmVzcG9uc2VvOiJDQVNDbGllbnQ6OlZhbGlkYXRpb25SZXNw%0Ab25zZQo6FEBwYXJzZV9kYXRldGltZXU6CVRpbWUNE1kbgDgWFQM6CUB4bWxv%0AOhNSRVhNTDo6RWxlbWVudA86EEBhdHRyaWJ1dGVzSUM6FlJFWE1MOjpBdHRy%0AaWJ1dGVzewAGOg1AZWxlbWVudEALOh1AaWdub3JlX3doaXRlc3BhY2Vfbm9k%0AZXNGOg5AY2hpbGRyZW5bCG86EFJFWE1MOjpUZXh0CzoMQHN0cmluZyIICgkJ%0AOhBAbm9ybWFsaXplZDA6E0BlbnRpdHlfZmlsdGVyMDoJQHJhd1Q6DEBwYXJl%0AbnRACzoSQHVubm9ybWFsaXplZDBvOw4POw9JQzsQewAGOxFAEDsSRjsTWwZv%0AOxQLOxUiCXdld3U7FjA7FzA7GFQ7GUAQOxoiCXdld3U6EEB3aGl0ZXNwYWNl%0AVDoNQGNvbnRleHR7ADoTQGV4cGFuZGVkX25hbWUiDWNhczp1c2VyOgxAcHJl%0AZml4IghjYXM6CkBuYW1lIgl1c2VyOxlACzoOQGVsZW1lbnRzbzoUUkVYTUw6%0AOkVsZW1lbnRzBjsRQBBvOxQLOxUiCQoKCgk7FjA7FzA7GFQ7GUALOxowOxtU%0AOxxAFjsdIh5jYXM6YXV0aGVudGljYXRpb25TdWNjZXNzOx4iCGNhczsfIhph%0AdXRoZW50aWNhdGlvblN1Y2Nlc3M7GW87Dg87D0lDOxB7BiIIY2FzbzoVUkVY%0ATUw6OkF0dHJpYnV0ZQs7FjA7HSIOeG1sbnM6Y2FzOx4iCnhtbG5zOx8iCGNh%0AczsaIh9odHRwOi8vd3d3LnlhbGUuZWR1L3RwL2NhczsRQCAGOxFAIDsSRjsT%0AWwhvOxQLOxUiBwoJOxYwOxcwOxhUOxlAIDsaMEALbzsUCzsVIgYKOxYwOxcw%0AOxhUOxlAIDsaMDsbVDscQBY7HSIYY2FzOnNlcnZpY2VSZXNwb25zZTseIghj%0AYXM7HyIUc2VydmljZVJlc3BvbnNlOxlvOhRSRVhNTDo6RG9jdW1lbnQQOw9J%0AQzsQewAGOxFAMDsSRjsTWwdAIG87FAs7FSIGCjsWMDsXMDsYVDsZQDA7GjA6%0AD0BuYW1lc3BhY2UiADsbVDscQBY7HSIOVU5ERUZJTkVEOx4iADsfIg5VTkRF%0ARklORUQ7GTA7IG87IQY7EUAwOyBvOyEGOxFAIDsgbzshBjsRQAs6DkBwcm90%0Ab2NvbGYGMjoKQHVzZXIiCXdld3U6FkBleHRyYV9hdHRyaWJ1dGVzewA6C0By%0AZW5ldzA6GWNhc19leHRyYV9hdHRyaWJ1dGVzQD46EmNhc2ZpbHRlcnVzZXJA%0APToYY2FzX3NlbnRfdG9fZ2F0ZXdheUYiCmZsYXNoSUM6J0FjdGlvbkNvbnRy%0Ab2xsZXI6OkZsYXNoOjpGbGFzaEhhc2h7AAY6CkB1c2VkewA6DWNhc191c2Vy%0AQD0%3D--72645a151b28efd06ab01b17827b548a2512e71e
  Parameters: {"title"=>"B score", "action"=>"goto_list_page", "controller"=>"assay", "func"=>"Bscore", "aidstr_list"=>"235_234_233_236_237_238_239_240_241_242_243_244_245_246_247_248_249_250_251_252_253_254_255_256_257_258_259_260_261_262_263_264_265_266_267_268_269_270_271_272_273_274_275_276_277_278_279_280_281_282_283_284_285_286"}
Ticket "ST-23-t1ntmQc3L0b5Z6FOKFD3" for service "http://bioinf.itmat.upenn.edu/screen/" belonging to user "wewu" is VALID.
Rendering template within layouts/application
Rendering assay/assay_list
Completed in 0.32156 (3 reqs/sec) | Rendering: 0.31196 (97%) | DB: 0.00000 (0%) | 200 OK [http://bioinf.itmat.upenn.edu/screen/assay/goto_list_page?aidstr_list=235_234_233_236_237_238_239_240_241_242_243_244_245_246_247_248_249_250_251_252_253_254_255_256_257_258_259_260_261_262_263_264_265_266_267_268_269_270_271_272_273_274_275_276_277_278_279_280_281_282_283_284_285_286&func=Bscore&title=B+score]


Processing AssayController#goto_select_page (for 165.123.243.49 at 2009-07-09 15:51:05) [GET]
  Session ID: BAh7CzoaY2FzX2xhc3RfdmFsaWRfdGlja2V0bzodQ0FTQ2xpZW50OjpTZXJ2%0AaWNlVGlja2V0CToNQHNlcnZpY2UiKmh0dHA6Ly9iaW9pbmYuaXRtYXQudXBl%0Abm4uZWR1L3NjcmVlbi86DkByZXNwb25zZW86IkNBU0NsaWVudDo6VmFsaWRh%0AdGlvblJlc3BvbnNlCjoUQHBhcnNlX2RhdGV0aW1ldToJVGltZQ0TWRuAOBYV%0AAzoJQHhtbG86E1JFWE1MOjpFbGVtZW50DzodQGlnbm9yZV93aGl0ZXNwYWNl%0AX25vZGVzRjoQQGF0dHJpYnV0ZXNJQzoWUkVYTUw6OkF0dHJpYnV0ZXN7AAY6%0ADUBlbGVtZW50QAo6EEB3aGl0ZXNwYWNlVDoOQGNoaWxkcmVuWwhvOhBSRVhN%0ATDo6VGV4dAs6DEBzdHJpbmciCAoJCToQQG5vcm1hbGl6ZWQwOhNAZW50aXR5%0AX2ZpbHRlcjA6CUByYXdUOgxAcGFyZW50QAo6EkB1bm5vcm1hbGl6ZWQwbzsN%0ADzsORjsPSUM7EHsABjsRQA87ElQ7E1sGbzsUCzsVIgl3ZXd1OxYwOxcwOxhU%0AOxlADzsaIgl3ZXd1OgxAcHJlZml4IghjYXM6E0BleHBhbmRlZF9uYW1lIg1j%0AYXM6dXNlcjoNQGNvbnRleHR7ADoKQG5hbWUiCXVzZXI6DkBlbGVtZW50c286%0AFFJFWE1MOjpFbGVtZW50cwY7EUAPOxlACm87FAs7FSIJCgoKCTsWMDsXMDsY%0AVDsZQAo7GjA7GyIIY2FzOxwiHmNhczphdXRoZW50aWNhdGlvblN1Y2Nlc3M7%0AHUAXOx4iGmF1dGhlbnRpY2F0aW9uU3VjY2VzczsfbzsgBjsRQAo7GW87DQ87%0ADkY7D0lDOxB7BiIIY2FzbzoVUkVYTUw6OkF0dHJpYnV0ZQs7FjA7GyIKeG1s%0AbnM7HCIOeG1sbnM6Y2FzOx4iCGNhczsaIh9odHRwOi8vd3d3LnlhbGUuZWR1%0AL3RwL2NhczsRQCAGOxFAIDsSVDsTWwhvOxQLOxUiBwoJOxYwOxcwOxhUOxlA%0AIDsaMEAKbzsUCzsVIgYKOxYwOxcwOxhUOxlAIDsaMDsbIghjYXM7HCIYY2Fz%0AOnNlcnZpY2VSZXNwb25zZTsdQBc7HiIUc2VydmljZVJlc3BvbnNlOx9vOyAG%0AOxFAIDsZbzoUUkVYTUw6OkRvY3VtZW50EDsORjsPSUM7EHsABjsRQDE7ElQ6%0AD0BuYW1lc3BhY2UiADsTWwdAIG87FAs7FSIGCjsWMDsXMDsYVDsZQDE7GjA7%0AGyIAOxwiDlVOREVGSU5FRDsdQBc7HiIOVU5ERUZJTkVEOx9vOyAGOxFAMTsZ%0AMDoOQHByb3RvY29sZgYyOgpAdXNlciIJd2V3dToWQGV4dHJhX2F0dHJpYnV0%0AZXN7ADoMQHRpY2tldCIfU1QtMjMtdDFudG1RYzNMMGI1WjZGT0tGRDM6C0By%0AZW5ldzA6GWNhc19leHRyYV9hdHRyaWJ1dGVzQD06EmNhc2ZpbHRlcnVzZXJA%0APDoYY2FzX3NlbnRfdG9fZ2F0ZXdheUYiCmZsYXNoSUM6J0FjdGlvbkNvbnRy%0Ab2xsZXI6OkZsYXNoOjpGbGFzaEhhc2h7AAY6CkB1c2VkewA6DWNhc191c2Vy%0AQDw%3D--95f27ef896f329c814447c21e4fa0d808828a842
  Parameters: {"title"=>"B score", "action"=>"goto_select_page", "controller"=>"assay", "func"=>"Bscore"}
Ticket "ST-23-t1ntmQc3L0b5Z6FOKFD3" for service "http://bioinf.itmat.upenn.edu/screen/" belonging to user "wewu" is VALID.
Rendering template within layouts/application
Rendering assay/select
Completed in 0.01141 (87 reqs/sec) | Rendering: 0.00658 (57%) | DB: 0.00000 (0%) | 200 OK [http://bioinf.itmat.upenn.edu/screen/assay/goto_select_page?func=Bscore&title=B+score]


Processing UploadController#main (for 165.123.243.49 at 2009-07-09 15:51:06) [GET]
  Session ID: BAh7CzoaY2FzX2xhc3RfdmFsaWRfdGlja2V0bzodQ0FTQ2xpZW50OjpTZXJ2%0AaWNlVGlja2V0CToNQHNlcnZpY2UiKmh0dHA6Ly9iaW9pbmYuaXRtYXQudXBl%0Abm4uZWR1L3NjcmVlbi86DEB0aWNrZXQiH1NULTIzLXQxbnRtUWMzTDBiNVo2%0ARk9LRkQzOg5AcmVzcG9uc2VvOiJDQVNDbGllbnQ6OlZhbGlkYXRpb25SZXNw%0Ab25zZQo6FEBwYXJzZV9kYXRldGltZXU6CVRpbWUNE1kbgDgWFQM6CUB4bWxv%0AOhNSRVhNTDo6RWxlbWVudA86EEBhdHRyaWJ1dGVzSUM6FlJFWE1MOjpBdHRy%0AaWJ1dGVzewAGOg1AZWxlbWVudEALOh1AaWdub3JlX3doaXRlc3BhY2Vfbm9k%0AZXNGOg5AY2hpbGRyZW5bCG86EFJFWE1MOjpUZXh0CzoMQHN0cmluZyIICgkJ%0AOhBAbm9ybWFsaXplZDA6E0BlbnRpdHlfZmlsdGVyMDoJQHJhd1Q6DEBwYXJl%0AbnRACzoSQHVubm9ybWFsaXplZDBvOw4POw9JQzsQewAGOxFAEDsSRjsTWwZv%0AOxQLOxUiCXdld3U7FjA7FzA7GFQ7GUAQOxoiCXdld3U6EEB3aGl0ZXNwYWNl%0AVDoNQGNvbnRleHR7ADoTQGV4cGFuZGVkX25hbWUiDWNhczp1c2VyOgxAcHJl%0AZml4IghjYXM6CkBuYW1lIgl1c2VyOxlACzoOQGVsZW1lbnRzbzoUUkVYTUw6%0AOkVsZW1lbnRzBjsRQBBvOxQLOxUiCQoKCgk7FjA7FzA7GFQ7GUALOxowOxtU%0AOxxAFjsdIh5jYXM6YXV0aGVudGljYXRpb25TdWNjZXNzOx4iCGNhczsfIhph%0AdXRoZW50aWNhdGlvblN1Y2Nlc3M7GW87Dg87D0lDOxB7BiIIY2FzbzoVUkVY%0ATUw6OkF0dHJpYnV0ZQs7FjA7HSIOeG1sbnM6Y2FzOx4iCnhtbG5zOx8iCGNh%0AczsaIh9odHRwOi8vd3d3LnlhbGUuZWR1L3RwL2NhczsRQCAGOxFAIDsSRjsT%0AWwhvOxQLOxUiBwoJOxYwOxcwOxhUOxlAIDsaMEALbzsUCzsVIgYKOxYwOxcw%0AOxhUOxlAIDsaMDsbVDscQBY7HSIYY2FzOnNlcnZpY2VSZXNwb25zZTseIghj%0AYXM7HyIUc2VydmljZVJlc3BvbnNlOxlvOhRSRVhNTDo6RG9jdW1lbnQQOw9J%0AQzsQewAGOxFAMDsSRjsTWwdAIG87FAs7FSIGCjsWMDsXMDsYVDsZQDA7GjA6%0AD0BuYW1lc3BhY2UiADsbVDscQBY7HSIOVU5ERUZJTkVEOx4iADsfIg5VTkRF%0ARklORUQ7GTA7IG87IQY7EUAwOyBvOyEGOxFAIDsgbzshBjsRQAs6DkBwcm90%0Ab2NvbGYGMjoKQHVzZXIiCXdld3U6FkBleHRyYV9hdHRyaWJ1dGVzewA6C0By%0AZW5ldzA6GWNhc19leHRyYV9hdHRyaWJ1dGVzQD46EmNhc2ZpbHRlcnVzZXJA%0APToYY2FzX3NlbnRfdG9fZ2F0ZXdheUYiCmZsYXNoSUM6J0FjdGlvbkNvbnRy%0Ab2xsZXI6OkZsYXNoOjpGbGFzaEhhc2h7AAY6CkB1c2VkewA6DWNhc191c2Vy%0AQD0%3D--72645a151b28efd06ab01b17827b548a2512e71e
  Parameters: {"action"=>"main", "controller"=>"upload"}
Ticket "ST-23-t1ntmQc3L0b5Z6FOKFD3" for service "http://bioinf.itmat.upenn.edu/screen/" belonging to user "wewu" is VALID.
Rendering template within layouts/application
Rendering upload/main
Completed in 0.01282 (78 reqs/sec) | Rendering: 0.00936 (73%) | DB: 0.00000 (0%) | 200 OK [http://bioinf.itmat.upenn.edu/screen/]


Processing UploadController#logout (for 165.123.243.49 at 2009-07-09 15:51:09) [GET]
  Session ID: BAh7CzoaY2FzX2xhc3RfdmFsaWRfdGlja2V0bzodQ0FTQ2xpZW50OjpTZXJ2%0AaWNlVGlja2V0CToNQHNlcnZpY2UiKmh0dHA6Ly9iaW9pbmYuaXRtYXQudXBl%0Abm4uZWR1L3NjcmVlbi86DkByZXNwb25zZW86IkNBU0NsaWVudDo6VmFsaWRh%0AdGlvblJlc3BvbnNlCjoUQHBhcnNlX2RhdGV0aW1ldToJVGltZQ0TWRuAOBYV%0AAzoJQHhtbG86E1JFWE1MOjpFbGVtZW50DzodQGlnbm9yZV93aGl0ZXNwYWNl%0AX25vZGVzRjoQQGF0dHJpYnV0ZXNJQzoWUkVYTUw6OkF0dHJpYnV0ZXN7AAY6%0ADUBlbGVtZW50QAo6EEB3aGl0ZXNwYWNlVDoOQGNoaWxkcmVuWwhvOhBSRVhN%0ATDo6VGV4dAs6DEBzdHJpbmciCAoJCToQQG5vcm1hbGl6ZWQwOhNAZW50aXR5%0AX2ZpbHRlcjA6CUByYXdUOgxAcGFyZW50QAo6EkB1bm5vcm1hbGl6ZWQwbzsN%0ADzsORjsPSUM7EHsABjsRQA87ElQ7E1sGbzsUCzsVIgl3ZXd1OxYwOxcwOxhU%0AOxlADzsaIgl3ZXd1OgxAcHJlZml4IghjYXM6E0BleHBhbmRlZF9uYW1lIg1j%0AYXM6dXNlcjoNQGNvbnRleHR7ADoKQG5hbWUiCXVzZXI6DkBlbGVtZW50c286%0AFFJFWE1MOjpFbGVtZW50cwY7EUAPOxlACm87FAs7FSIJCgoKCTsWMDsXMDsY%0AVDsZQAo7GjA7GyIIY2FzOxwiHmNhczphdXRoZW50aWNhdGlvblN1Y2Nlc3M7%0AHUAXOx4iGmF1dGhlbnRpY2F0aW9uU3VjY2VzczsfbzsgBjsRQAo7GW87DQ87%0ADkY7D0lDOxB7BiIIY2FzbzoVUkVYTUw6OkF0dHJpYnV0ZQs7FjA7GyIKeG1s%0AbnM7HCIOeG1sbnM6Y2FzOx4iCGNhczsaIh9odHRwOi8vd3d3LnlhbGUuZWR1%0AL3RwL2NhczsRQCAGOxFAIDsSVDsTWwhvOxQLOxUiBwoJOxYwOxcwOxhUOxlA%0AIDsaMEAKbzsUCzsVIgYKOxYwOxcwOxhUOxlAIDsaMDsbIghjYXM7HCIYY2Fz%0AOnNlcnZpY2VSZXNwb25zZTsdQBc7HiIUc2VydmljZVJlc3BvbnNlOx9vOyAG%0AOxFAIDsZbzoUUkVYTUw6OkRvY3VtZW50EDsORjsPSUM7EHsABjsRQDE7ElQ6%0AD0BuYW1lc3BhY2UiADsTWwdAIG87FAs7FSIGCjsWMDsXMDsYVDsZQDE7GjA7%0AGyIAOxwiDlVOREVGSU5FRDsdQBc7HiIOVU5ERUZJTkVEOx9vOyAGOxFAMTsZ%0AMDoOQHByb3RvY29sZgYyOgpAdXNlciIJd2V3dToWQGV4dHJhX2F0dHJpYnV0%0AZXN7ADoMQHRpY2tldCIfU1QtMjMtdDFudG1RYzNMMGI1WjZGT0tGRDM6C0By%0AZW5ldzA6GWNhc19leHRyYV9hdHRyaWJ1dGVzQD06EmNhc2ZpbHRlcnVzZXJA%0APDoYY2FzX3NlbnRfdG9fZ2F0ZXdheUYiCmZsYXNoSUM6J0FjdGlvbkNvbnRy%0Ab2xsZXI6OkZsYXNoOjpGbGFzaEhhc2h7AAY6CkB1c2VkewA6DWNhc191c2Vy%0AQDw%3D--95f27ef896f329c814447c21e4fa0d808828a842
  Parameters: {"action"=>"logout", "controller"=>"upload"}
Ticket "ST-23-t1ntmQc3L0b5Z6FOKFD3" for service "http://bioinf.itmat.upenn.edu/screen/" belonging to user "wewu" is VALID.
Cookie set: auth_token=; path=/; expires=Thu, 01 Jan 1970 00:00:00 GMT
Redirected to https://ctrc.itmat.upenn.edu/auth/logout
Completed in 0.00149 (669 reqs/sec) | DB: 0.00000 (0%) | 302 Found [http://bioinf.itmat.upenn.edu/screen/upload/logout]


Processing UploadController#main (for 165.123.243.49 at 2009-07-10 11:15:56) [GET]
  Session ID: eadeb76b1d67f5344e6ab87c59fa2f1d
  Parameters: {"action"=>"main", "controller"=>"upload"}
Redirected to https://ctrc.itmat.upenn.edu/auth/login?service=http%3A%2F%2Fbioinf.itmat.upenn.edu%2Fscreen%2F
Filter chain halted as [#<ActionController::Filters::ClassMethods::ClassFilter:0x14f9a4e8 @filter=CASClient::Frameworks::Rails::Filter>] rendered_or_redirected.
Completed in 0.00217 (461 reqs/sec) | DB: 0.00000 (0%) | 302 Found [http://bioinf.itmat.upenn.edu/screen]


Processing UploadController#main (for 165.123.243.49 at 2009-07-10 11:26:57) [GET]
  Session ID: BAh7BzoYY2FzX3NlbnRfdG9fZ2F0ZXdheUYiCmZsYXNoSUM6J0FjdGlvbkNv%0AbnRyb2xsZXI6OkZsYXNoOjpGbGFzaEhhc2h7AAY6CkB1c2VkewA%3D--af77f75e465cc65dce505f5b56a1d19b8cc46c40
  Parameters: {"ticket"=>"ST-24-5bkp97BJVylxIe4xYhYg", "action"=>"main", "controller"=>"upload"}
Ticket "ST-24-5bkp97BJVylxIe4xYhYg" for service "http://bioinf.itmat.upenn.edu/screen/" belonging to user "wewu" is VALID.
Rendering template within layouts/application
Rendering upload/main
Completed in 0.26495 (3 reqs/sec) | Rendering: 0.12824 (48%) | DB: 0.00000 (0%) | 200 OK [http://bioinf.itmat.upenn.edu/screen/?ticket=ST-24-5bkp97BJVylxIe4xYhYg]


Processing AssayController#goto_select_page (for 165.123.243.49 at 2009-07-10 11:33:10) [GET]
  Session ID: BAh7CzoaY2FzX2xhc3RfdmFsaWRfdGlja2V0bzodQ0FTQ2xpZW50OjpTZXJ2%0AaWNlVGlja2V0CToNQHNlcnZpY2UiKmh0dHA6Ly9iaW9pbmYuaXRtYXQudXBl%0Abm4uZWR1L3NjcmVlbi86DkByZXNwb25zZW86IkNBU0NsaWVudDo6VmFsaWRh%0AdGlvblJlc3BvbnNlCjoUQHBhcnNlX2RhdGV0aW1ldToJVGltZQ1PWRuAYbWU%0AazoJQHhtbG86E1JFWE1MOjpFbGVtZW50DzodQGlnbm9yZV93aGl0ZXNwYWNl%0AX25vZGVzRjoQQGF0dHJpYnV0ZXNJQzoWUkVYTUw6OkF0dHJpYnV0ZXN7AAY6%0ADUBlbGVtZW50QAo6EEB3aGl0ZXNwYWNlVDoOQGNoaWxkcmVuWwhvOhBSRVhN%0ATDo6VGV4dAs6DEBzdHJpbmciCAoJCToQQG5vcm1hbGl6ZWQwOhNAZW50aXR5%0AX2ZpbHRlcjA6CUByYXdUOgxAcGFyZW50QAo6EkB1bm5vcm1hbGl6ZWQwbzsN%0ADzsORjsPSUM7EHsABjsRQA87ElQ7E1sGbzsUCzsVIgl3ZXd1OxYwOxcwOxhU%0AOxlADzsaIgl3ZXd1OgxAcHJlZml4IghjYXM6E0BleHBhbmRlZF9uYW1lIg1j%0AYXM6dXNlcjoNQGNvbnRleHR7ADoKQG5hbWUiCXVzZXI6DkBlbGVtZW50c286%0AFFJFWE1MOjpFbGVtZW50cwY7EUAPOxlACm87FAs7FSIJCgoKCTsWMDsXMDsY%0AVDsZQAo7GjA7GyIIY2FzOxwiHmNhczphdXRoZW50aWNhdGlvblN1Y2Nlc3M7%0AHUAXOx4iGmF1dGhlbnRpY2F0aW9uU3VjY2VzczsfbzsgBjsRQAo7GW87DQ87%0ADkY7D0lDOxB7BiIIY2FzbzoVUkVYTUw6OkF0dHJpYnV0ZQs7FjA7GyIKeG1s%0AbnM7HCIOeG1sbnM6Y2FzOx4iCGNhczsaIh9odHRwOi8vd3d3LnlhbGUuZWR1%0AL3RwL2NhczsRQCAGOxFAIDsSVDsTWwhvOxQLOxUiBwoJOxYwOxcwOxhUOxlA%0AIDsaMEAKbzsUCzsVIgYKOxYwOxcwOxhUOxlAIDsaMDsbIghjYXM7HCIYY2Fz%0AOnNlcnZpY2VSZXNwb25zZTsdQBc7HiIUc2VydmljZVJlc3BvbnNlOx9vOyAG%0AOxFAIDsZbzoUUkVYTUw6OkRvY3VtZW50EDsORjsPSUM7EHsABjsRQDE7ElQ6%0AD0BuYW1lc3BhY2UiADsTWwdAIG87FAs7FSIGCjsWMDsXMDsYVDsZQDE7GjA7%0AGyIAOxwiDlVOREVGSU5FRDsdQBc7HiIOVU5ERUZJTkVEOx9vOyAGOxFAMTsZ%0AMDoOQHByb3RvY29sZgYyOgpAdXNlciIJd2V3dToWQGV4dHJhX2F0dHJpYnV0%0AZXN7ADoMQHRpY2tldCIfU1QtMjQtNWJrcDk3QkpWeWx4SWU0eFloWWc6C0By%0AZW5ldzA6GWNhc19leHRyYV9hdHRyaWJ1dGVzQD06EmNhc2ZpbHRlcnVzZXJA%0APDoYY2FzX3NlbnRfdG9fZ2F0ZXdheUYiCmZsYXNoSUM6J0FjdGlvbkNvbnRy%0Ab2xsZXI6OkZsYXNoOjpGbGFzaEhhc2h7AAY6CkB1c2VkewA6DWNhc191c2Vy%0AQDw%3D--02f9f32708006b9bce6af532509337f11eff2015
  Parameters: {"title"=>"B score", "action"=>"goto_select_page", "controller"=>"assay", "func"=>"Bscore"}
Ticket "ST-24-5bkp97BJVylxIe4xYhYg" for service "http://bioinf.itmat.upenn.edu/screen/" belonging to user "wewu" is VALID.
Rendering template within layouts/application
Rendering assay/select
Completed in 0.03801 (26 reqs/sec) | Rendering: 0.01754 (46%) | DB: 0.00000 (0%) | 200 OK [http://bioinf.itmat.upenn.edu/screen/assay/goto_select_page?func=Bscore&title=B+score]
